[1.565s] Invoking command in '/home/wise/ws_yolov5/src/yolov5_humble': AMENT_PREFIX_PATH=/home/wise/ws_yolov5/install/msgs_bbox:${AMENT_PREFIX_PATH} CMAKE_PREFIX_PATH=/home/wise/ws_yolov5/install/msgs_bbox LD_LIBRARY_PATH=/home/wise/ws_yolov5/install/msgs_bbox/lib:/usr/local/cuda-12.0/extras/CUPTI/lib64:/usr/lib/aarch64-linux-gnu:/opt/ros/humble/opt/rviz_ogre_vendor/lib:/opt/ros/humble/lib/aarch64-linux-gnu:/opt/ros/humble/lib:/usr/local/cuda-12.0/lib64 PYTHONPATH=/home/wise/ws_yolov5/build/yolov5_humble/prefix_override:/usr/lib/python3/dist-packages/colcon_core/task/python/colcon_distutils_commands:/home/wise/ws_yolov5/install/yolov5_humble/lib/python3.10/site-packages:/home/wise/ws_yolov5/install/msgs_bbox/local/lib/python3.10/dist-packages:${PYTHONPATH} /usr/bin/python3 -W ignore:setup.py install is deprecated -W ignore:easy_install command is deprecated setup.py egg_info --egg-base ../../build/yolov5_humble build --build-base /home/wise/ws_yolov5/build/yolov5_humble/build install --record /home/wise/ws_yolov5/build/yolov5_humble/install.log --single-version-externally-managed install_data
[1.872s] /home/wise/.local/lib/python3.10/site-packages/setuptools/_distutils/dist.py:261: UserWarning: Unknown distribution option: 'tests_require'
[1.873s]   warnings.warn(msg)
[2.100s] running egg_info
[2.135s] writing ../../build/yolov5_humble/yolov5_humble.egg-info/PKG-INFO
[2.138s] writing dependency_links to ../../build/yolov5_humble/yolov5_humble.egg-info/dependency_links.txt
[2.139s] writing entry points to ../../build/yolov5_humble/yolov5_humble.egg-info/entry_points.txt
[2.139s] writing requirements to ../../build/yolov5_humble/yolov5_humble.egg-info/requires.txt
[2.139s] writing top-level names to ../../build/yolov5_humble/yolov5_humble.egg-info/top_level.txt
[2.217s] reading manifest file '../../build/yolov5_humble/yolov5_humble.egg-info/SOURCES.txt'
[2.221s] writing manifest file '../../build/yolov5_humble/yolov5_humble.egg-info/SOURCES.txt'
[2.221s] running build
[2.221s] running build_py
[2.223s] copying yolov5_humble/__init__.py -> /home/wise/ws_yolov5/build/yolov5_humble/build/lib/yolov5_humble
[2.223s] copying yolov5_humble/yolov5_node (copy).py -> /home/wise/ws_yolov5/build/yolov5_humble/build/lib/yolov5_humble
[2.224s] copying yolov5_humble/yolov5_node.py -> /home/wise/ws_yolov5/build/yolov5_humble/build/lib/yolov5_humble
[2.224s] running install
[2.233s] running install_lib
[2.269s] copying /home/wise/ws_yolov5/build/yolov5_humble/build/lib/yolov5_humble/yolov5_node.py -> /home/wise/ws_yolov5/install/yolov5_humble/lib/python3.10/site-packages/yolov5_humble
[2.270s] byte-compiling /home/wise/ws_yolov5/install/yolov5_humble/lib/python3.10/site-packages/yolov5_humble/yolov5_node.py to yolov5_node.cpython-310.pyc
[2.271s] running install_data
[2.272s] copying resource/yolov5_humble -> /home/wise/ws_yolov5/install/yolov5_humble/share/ament_index/resource_index/packages
[2.272s] copying package.xml -> /home/wise/ws_yolov5/install/yolov5_humble/share/yolov5_humble
[2.273s] running install_egg_info
[2.316s] removing '/home/wise/ws_yolov5/install/yolov5_humble/lib/python3.10/site-packages/yolov5_humble-0.0.0-py3.10.egg-info' (and everything under it)
[2.317s] Copying ../../build/yolov5_humble/yolov5_humble.egg-info to /home/wise/ws_yolov5/install/yolov5_humble/lib/python3.10/site-packages/yolov5_humble-0.0.0-py3.10.egg-info
[2.319s] running install_scripts
[2.603s] Installing yolov5_node script to /home/wise/ws_yolov5/install/yolov5_humble/lib/yolov5_humble
[2.604s] writing list of installed files to '/home/wise/ws_yolov5/build/yolov5_humble/install.log'
[2.674s] Invoked command in '/home/wise/ws_yolov5/src/yolov5_humble' returned '0': AMENT_PREFIX_PATH=/home/wise/ws_yolov5/install/msgs_bbox:${AMENT_PREFIX_PATH} CMAKE_PREFIX_PATH=/home/wise/ws_yolov5/install/msgs_bbox LD_LIBRARY_PATH=/home/wise/ws_yolov5/install/msgs_bbox/lib:/usr/local/cuda-12.0/extras/CUPTI/lib64:/usr/lib/aarch64-linux-gnu:/opt/ros/humble/opt/rviz_ogre_vendor/lib:/opt/ros/humble/lib/aarch64-linux-gnu:/opt/ros/humble/lib:/usr/local/cuda-12.0/lib64 PYTHONPATH=/home/wise/ws_yolov5/build/yolov5_humble/prefix_override:/usr/lib/python3/dist-packages/colcon_core/task/python/colcon_distutils_commands:/home/wise/ws_yolov5/install/yolov5_humble/lib/python3.10/site-packages:/home/wise/ws_yolov5/install/msgs_bbox/local/lib/python3.10/dist-packages:${PYTHONPATH} /usr/bin/python3 -W ignore:setup.py install is deprecated -W ignore:easy_install command is deprecated setup.py egg_info --egg-base ../../build/yolov5_humble build --build-base /home/wise/ws_yolov5/build/yolov5_humble/build install --record /home/wise/ws_yolov5/build/yolov5_humble/install.log --single-version-externally-managed install_data
