[0.207s] DEBUG:colcon:Command line arguments: ['/usr/bin/colcon', 'build']
[0.208s] DEBUG:colcon:Parsed command line arguments: Namespace(log_base=None, log_level=None, verb_name='build', build_base='build', install_base='install', merge_install=False, symlink_install=False, test_result_base=None, continue_on_error=False, executor='parallel', parallel_workers=8, event_handlers=None, ignore_user_meta=False, metas=['./colcon.meta'], base_paths=['.'], packages_ignore=None, packages_ignore_regex=None, paths=None, packages_up_to=None, packages_up_to_regex=None, packages_above=None, packages_above_and_dependencies=None, packages_above_depth=None, packages_select_by_dep=None, packages_skip_by_dep=None, packages_skip_up_to=None, packages_select_build_failed=False, packages_skip_build_finished=False, packages_select_test_failures=False, packages_skip_test_passed=False, packages_select=None, packages_skip=None, packages_select_regex=None, packages_skip_regex=None, packages_start=None, packages_end=None, allow_overriding=[], cmake_args=None, cmake_target=None, cmake_target_skip_unavailable=False, cmake_clean_cache=False, cmake_clean_first=False, cmake_force_configure=False, ament_cmake_args=None, catkin_cmake_args=None, catkin_skip_building_tests=False, mixin_files=None, mixin=None, verb_parser=<colcon_mixin.mixin.mixin_argument.MixinArgumentDecorator object at 0xffff843fd8d0>, verb_extension=<colcon_core.verb.build.BuildVerb object at 0xffff8457f6d0>, main=<bound method BuildVerb.main of <colcon_core.verb.build.BuildVerb object at 0xffff8457f6d0>>, mixin_verb=('build',))
[0.278s] Level 1:colcon.colcon_core.package_discovery:discover_packages(colcon_meta) check parameters
[0.279s] Level 1:colcon.colcon_core.package_discovery:discover_packages(recursive) check parameters
[0.279s] Level 1:colcon.colcon_core.package_discovery:discover_packages(ignore) check parameters
[0.279s] Level 1:colcon.colcon_core.package_discovery:discover_packages(path) check parameters
[0.279s] Level 1:colcon.colcon_core.package_discovery:discover_packages(colcon_meta) discover
[0.279s] Level 1:colcon.colcon_core.package_discovery:discover_packages(recursive) discover
[0.279s] INFO:colcon.colcon_core.package_discovery:Crawling recursively for packages in '/home/wise/ws_yolov5'
[0.279s] Level 1:colcon.colcon_core.package_identification:_identify(.) by extensions ['ignore', 'ignore_ament_install']
[0.280s] Level 1:colcon.colcon_core.package_identification:_identify(.) by extension 'ignore'
[0.280s] Level 1:colcon.colcon_core.package_identification:_identify(.) by extension 'ignore_ament_install'
[0.280s] Level 1:colcon.colcon_core.package_identification:_identify(.) by extensions ['colcon_pkg']
[0.280s] Level 1:colcon.colcon_core.package_identification:_identify(.) by extension 'colcon_pkg'
[0.280s] Level 1:colcon.colcon_core.package_identification:_identify(.) by extensions ['colcon_meta']
[0.280s] Level 1:colcon.colcon_core.package_identification:_identify(.) by extension 'colcon_meta'
[0.280s] Level 1:colcon.colcon_core.package_identification:_identify(.) by extensions ['ros']
[0.280s] Level 1:colcon.colcon_core.package_identification:_identify(.) by extension 'ros'
[0.307s] Level 1:colcon.colcon_core.package_identification:_identify(.) by extensions ['cmake', 'python']
[0.307s] Level 1:colcon.colcon_core.package_identification:_identify(.) by extension 'cmake'
[0.307s] Level 1:colcon.colcon_core.package_identification:_identify(.) by extension 'python'
[0.307s] Level 1:colcon.colcon_core.package_identification:_identify(.) by extensions ['python_setup_py']
[0.307s] Level 1:colcon.colcon_core.package_identification:_identify(.) by extension 'python_setup_py'
[0.308s] Level 1:colcon.colcon_core.package_identification:_identify(build) by extensions ['ignore', 'ignore_ament_install']
[0.308s] Level 1:colcon.colcon_core.package_identification:_identify(build) by extension 'ignore'
[0.308s] Level 1:colcon.colcon_core.package_identification:_identify(build) ignored
[0.308s] Level 1:colcon.colcon_core.package_identification:_identify(install) by extensions ['ignore', 'ignore_ament_install']
[0.308s] Level 1:colcon.colcon_core.package_identification:_identify(install) by extension 'ignore'
[0.308s] Level 1:colcon.colcon_core.package_identification:_identify(install) ignored
[0.309s] Level 1:colcon.colcon_core.package_identification:_identify(log) by extensions ['ignore', 'ignore_ament_install']
[0.309s] Level 1:colcon.colcon_core.package_identification:_identify(log) by extension 'ignore'
[0.309s] Level 1:colcon.colcon_core.package_identification:_identify(log) ignored
[0.309s] Level 1:colcon.colcon_core.package_identification:_identify(src) by extensions ['ignore', 'ignore_ament_install']
[0.309s] Level 1:colcon.colcon_core.package_identification:_identify(src) by extension 'ignore'
[0.309s] Level 1:colcon.colcon_core.package_identification:_identify(src) by extension 'ignore_ament_install'
[0.309s] Level 1:colcon.colcon_core.package_identification:_identify(src) by extensions ['colcon_pkg']
[0.309s] Level 1:colcon.colcon_core.package_identification:_identify(src) by extension 'colcon_pkg'
[0.309s] Level 1:colcon.colcon_core.package_identification:_identify(src) by extensions ['colcon_meta']
[0.309s] Level 1:colcon.colcon_core.package_identification:_identify(src) by extension 'colcon_meta'
[0.310s] Level 1:colcon.colcon_core.package_identification:_identify(src) by extensions ['ros']
[0.310s] Level 1:colcon.colcon_core.package_identification:_identify(src) by extension 'ros'
[0.310s] Level 1:colcon.colcon_core.package_identification:_identify(src) by extensions ['cmake', 'python']
[0.310s] Level 1:colcon.colcon_core.package_identification:_identify(src) by extension 'cmake'
[0.310s] Level 1:colcon.colcon_core.package_identification:_identify(src) by extension 'python'
[0.310s] Level 1:colcon.colcon_core.package_identification:_identify(src) by extensions ['python_setup_py']
[0.310s] Level 1:colcon.colcon_core.package_identification:_identify(src) by extension 'python_setup_py'
[0.310s] Level 1:colcon.colcon_core.package_identification:_identify(src/image_publisher) by extensions ['ignore', 'ignore_ament_install']
[0.310s] Level 1:colcon.colcon_core.package_identification:_identify(src/image_publisher) by extension 'ignore'
[0.310s] Level 1:colcon.colcon_core.package_identification:_identify(src/image_publisher) by extension 'ignore_ament_install'
[0.311s] Level 1:colcon.colcon_core.package_identification:_identify(src/image_publisher) by extensions ['colcon_pkg']
[0.311s] Level 1:colcon.colcon_core.package_identification:_identify(src/image_publisher) by extension 'colcon_pkg'
[0.311s] Level 1:colcon.colcon_core.package_identification:_identify(src/image_publisher) by extensions ['colcon_meta']
[0.311s] Level 1:colcon.colcon_core.package_identification:_identify(src/image_publisher) by extension 'colcon_meta'
[0.311s] Level 1:colcon.colcon_core.package_identification:_identify(src/image_publisher) by extensions ['ros']
[0.311s] Level 1:colcon.colcon_core.package_identification:_identify(src/image_publisher) by extension 'ros'
[0.315s] DEBUG:colcon.colcon_core.package_identification:Package 'src/image_publisher' with type 'ros.ament_python' and name 'image_publisher'
[0.315s] Level 1:colcon.colcon_core.package_identification:_identify(src/msgs_bbox) by extensions ['ignore', 'ignore_ament_install']
[0.316s] Level 1:colcon.colcon_core.package_identification:_identify(src/msgs_bbox) by extension 'ignore'
[0.316s] Level 1:colcon.colcon_core.package_identification:_identify(src/msgs_bbox) by extension 'ignore_ament_install'
[0.316s] Level 1:colcon.colcon_core.package_identification:_identify(src/msgs_bbox) by extensions ['colcon_pkg']
[0.316s] Level 1:colcon.colcon_core.package_identification:_identify(src/msgs_bbox) by extension 'colcon_pkg'
[0.316s] Level 1:colcon.colcon_core.package_identification:_identify(src/msgs_bbox) by extensions ['colcon_meta']
[0.316s] Level 1:colcon.colcon_core.package_identification:_identify(src/msgs_bbox) by extension 'colcon_meta'
[0.316s] Level 1:colcon.colcon_core.package_identification:_identify(src/msgs_bbox) by extensions ['ros']
[0.316s] Level 1:colcon.colcon_core.package_identification:_identify(src/msgs_bbox) by extension 'ros'
[0.317s] DEBUG:colcon.colcon_core.package_identification:Package 'src/msgs_bbox' with type 'ros.ament_cmake' and name 'msgs_bbox'
[0.317s] Level 1:colcon.colcon_core.package_identification:_identify(src/yolov5_humble) by extensions ['ignore', 'ignore_ament_install']
[0.317s] Level 1:colcon.colcon_core.package_identification:_identify(src/yolov5_humble) by extension 'ignore'
[0.318s] Level 1:colcon.colcon_core.package_identification:_identify(src/yolov5_humble) by extension 'ignore_ament_install'
[0.318s] Level 1:colcon.colcon_core.package_identification:_identify(src/yolov5_humble) by extensions ['colcon_pkg']
[0.318s] Level 1:colcon.colcon_core.package_identification:_identify(src/yolov5_humble) by extension 'colcon_pkg'
[0.318s] Level 1:colcon.colcon_core.package_identification:_identify(src/yolov5_humble) by extensions ['colcon_meta']
[0.318s] Level 1:colcon.colcon_core.package_identification:_identify(src/yolov5_humble) by extension 'colcon_meta'
[0.318s] Level 1:colcon.colcon_core.package_identification:_identify(src/yolov5_humble) by extensions ['ros']
[0.318s] Level 1:colcon.colcon_core.package_identification:_identify(src/yolov5_humble) by extension 'ros'
[0.319s] DEBUG:colcon.colcon_core.package_identification:Package 'src/yolov5_humble' with type 'ros.ament_python' and name 'yolov5_humble'
[0.319s] Level 1:colcon.colcon_core.package_discovery:discover_packages(recursive) using defaults
[0.319s] Level 1:colcon.colcon_core.package_discovery:discover_packages(ignore) discover
[0.319s] Level 1:colcon.colcon_core.package_discovery:discover_packages(ignore) using defaults
[0.319s] Level 1:colcon.colcon_core.package_discovery:discover_packages(path) discover
[0.319s] Level 1:colcon.colcon_core.package_discovery:discover_packages(path) using defaults
[0.355s] Level 1:colcon.colcon_core.package_discovery:discover_packages(prefix_path) check parameters
[0.356s] Level 1:colcon.colcon_core.package_discovery:discover_packages(prefix_path) discover
[0.357s] WARNING:colcon.colcon_ros.prefix_path.ament:The path '/home/wise/ws_yolov5/install/msgs_bbox' in the environment variable AMENT_PREFIX_PATH doesn't exist
[0.357s] WARNING:colcon.colcon_ros.prefix_path.ament:The path '/home/wise/ws_yolov5/install/image_publisher' in the environment variable AMENT_PREFIX_PATH doesn't exist
[0.357s] WARNING:colcon.colcon_ros.prefix_path.ament:The path '/home/wise/ws_yolov5/install/yolov5_humble' in the environment variable AMENT_PREFIX_PATH doesn't exist
[0.357s] WARNING:colcon.colcon_ros.prefix_path.ament:The path '/home/wise/ws_yolov5/install/bbox_ex_msgs' in the environment variable AMENT_PREFIX_PATH doesn't exist
[0.358s] WARNING:colcon.colcon_ros.prefix_path.catkin:The path '/home/wise/ws_yolov5/install/msgs_bbox' in the environment variable CMAKE_PREFIX_PATH doesn't exist
[0.358s] WARNING:colcon.colcon_ros.prefix_path.catkin:The path '/home/wise/ws_yolov5/install/bbox_ex_msgs' in the environment variable CMAKE_PREFIX_PATH doesn't exist
[0.359s] DEBUG:colcon.colcon_installed_package_information.package_discovery:Found 0 installed packages in /home/wise/ws_yolov5/install
[0.361s] DEBUG:colcon.colcon_installed_package_information.package_discovery:Found 271 installed packages in /opt/ros/humble
[0.363s] Level 1:colcon.colcon_core.package_discovery:discover_packages(prefix_path) using defaults
[0.431s] Level 5:colcon.colcon_core.verb:set package 'image_publisher' build argument 'cmake_args' from command line to 'None'
[0.431s] Level 5:colcon.colcon_core.verb:set package 'image_publisher' build argument 'cmake_target' from command line to 'None'
[0.431s] Level 5:colcon.colcon_core.verb:set package 'image_publisher' build argument 'cmake_target_skip_unavailable' from command line to 'False'
[0.431s] Level 5:colcon.colcon_core.verb:set package 'image_publisher' build argument 'cmake_clean_cache' from command line to 'False'
[0.431s] Level 5:colcon.colcon_core.verb:set package 'image_publisher' build argument 'cmake_clean_first' from command line to 'False'
[0.431s] Level 5:colcon.colcon_core.verb:set package 'image_publisher' build argument 'cmake_force_configure' from command line to 'False'
[0.431s] Level 5:colcon.colcon_core.verb:set package 'image_publisher' build argument 'ament_cmake_args' from command line to 'None'
[0.431s] Level 5:colcon.colcon_core.verb:set package 'image_publisher' build argument 'catkin_cmake_args' from command line to 'None'
[0.431s] Level 5:colcon.colcon_core.verb:set package 'image_publisher' build argument 'catkin_skip_building_tests' from command line to 'False'
[0.432s] DEBUG:colcon.colcon_core.verb:Building package 'image_publisher' with the following arguments: {'ament_cmake_args': None, 'build_base': '/home/wise/ws_yolov5/build/image_publisher', 'catkin_cmake_args': None, 'catkin_skip_building_tests': False, 'cmake_args': None, 'cmake_clean_cache': False, 'cmake_clean_first': False, 'cmake_force_configure': False, 'cmake_target': None, 'cmake_target_skip_unavailable': False, 'install_base': '/home/wise/ws_yolov5/install/image_publisher', 'merge_install': False, 'path': '/home/wise/ws_yolov5/src/image_publisher', 'symlink_install': False, 'test_result_base': None}
[0.432s] Level 5:colcon.colcon_core.verb:set package 'msgs_bbox' build argument 'cmake_args' from command line to 'None'
[0.432s] Level 5:colcon.colcon_core.verb:set package 'msgs_bbox' build argument 'cmake_target' from command line to 'None'
[0.432s] Level 5:colcon.colcon_core.verb:set package 'msgs_bbox' build argument 'cmake_target_skip_unavailable' from command line to 'False'
[0.432s] Level 5:colcon.colcon_core.verb:set package 'msgs_bbox' build argument 'cmake_clean_cache' from command line to 'False'
[0.432s] Level 5:colcon.colcon_core.verb:set package 'msgs_bbox' build argument 'cmake_clean_first' from command line to 'False'
[0.432s] Level 5:colcon.colcon_core.verb:set package 'msgs_bbox' build argument 'cmake_force_configure' from command line to 'False'
[0.432s] Level 5:colcon.colcon_core.verb:set package 'msgs_bbox' build argument 'ament_cmake_args' from command line to 'None'
[0.432s] Level 5:colcon.colcon_core.verb:set package 'msgs_bbox' build argument 'catkin_cmake_args' from command line to 'None'
[0.433s] Level 5:colcon.colcon_core.verb:set package 'msgs_bbox' build argument 'catkin_skip_building_tests' from command line to 'False'
[0.433s] DEBUG:colcon.colcon_core.verb:Building package 'msgs_bbox' with the following arguments: {'ament_cmake_args': None, 'build_base': '/home/wise/ws_yolov5/build/msgs_bbox', 'catkin_cmake_args': None, 'catkin_skip_building_tests': False, 'cmake_args': None, 'cmake_clean_cache': False, 'cmake_clean_first': False, 'cmake_force_configure': False, 'cmake_target': None, 'cmake_target_skip_unavailable': False, 'install_base': '/home/wise/ws_yolov5/install/msgs_bbox', 'merge_install': False, 'path': '/home/wise/ws_yolov5/src/msgs_bbox', 'symlink_install': False, 'test_result_base': None}
[0.433s] Level 5:colcon.colcon_core.verb:set package 'yolov5_humble' build argument 'cmake_args' from command line to 'None'
[0.433s] Level 5:colcon.colcon_core.verb:set package 'yolov5_humble' build argument 'cmake_target' from command line to 'None'
[0.433s] Level 5:colcon.colcon_core.verb:set package 'yolov5_humble' build argument 'cmake_target_skip_unavailable' from command line to 'False'
[0.433s] Level 5:colcon.colcon_core.verb:set package 'yolov5_humble' build argument 'cmake_clean_cache' from command line to 'False'
[0.433s] Level 5:colcon.colcon_core.verb:set package 'yolov5_humble' build argument 'cmake_clean_first' from command line to 'False'
[0.433s] Level 5:colcon.colcon_core.verb:set package 'yolov5_humble' build argument 'cmake_force_configure' from command line to 'False'
[0.433s] Level 5:colcon.colcon_core.verb:set package 'yolov5_humble' build argument 'ament_cmake_args' from command line to 'None'
[0.433s] Level 5:colcon.colcon_core.verb:set package 'yolov5_humble' build argument 'catkin_cmake_args' from command line to 'None'
[0.433s] Level 5:colcon.colcon_core.verb:set package 'yolov5_humble' build argument 'catkin_skip_building_tests' from command line to 'False'
[0.434s] DEBUG:colcon.colcon_core.verb:Building package 'yolov5_humble' with the following arguments: {'ament_cmake_args': None, 'build_base': '/home/wise/ws_yolov5/build/yolov5_humble', 'catkin_cmake_args': None, 'catkin_skip_building_tests': False, 'cmake_args': None, 'cmake_clean_cache': False, 'cmake_clean_first': False, 'cmake_force_configure': False, 'cmake_target': None, 'cmake_target_skip_unavailable': False, 'install_base': '/home/wise/ws_yolov5/install/yolov5_humble', 'merge_install': False, 'path': '/home/wise/ws_yolov5/src/yolov5_humble', 'symlink_install': False, 'test_result_base': None}
[0.434s] INFO:colcon.colcon_core.executor:Executing jobs using 'parallel' executor
[0.436s] DEBUG:colcon.colcon_parallel_executor.executor.parallel:run_until_complete
[0.437s] INFO:colcon.colcon_ros.task.ament_cmake.build:Building ROS package in '/home/wise/ws_yolov5/src/msgs_bbox' with build type 'ament_cmake'
[0.437s] INFO:colcon.colcon_cmake.task.cmake.build:Building CMake package in '/home/wise/ws_yolov5/src/msgs_bbox'
[0.441s] INFO:colcon.colcon_core.plugin_system:Skipping extension 'colcon_core.shell.bat': Not used on non-Windows systems
[0.441s] INFO:colcon.colcon_core.shell:Skip shell extension 'powershell' for command environment: Not usable outside of PowerShell
[0.441s] DEBUG:colcon.colcon_core.shell:Skip shell extension 'dsv' for command environment
[0.447s] INFO:colcon.colcon_ros.task.ament_python.build:Building ROS package in '/home/wise/ws_yolov5/src/image_publisher' with build type 'ament_python'
[0.447s] Level 1:colcon.colcon_core.shell:create_environment_hook('image_publisher', 'ament_prefix_path')
[0.447s] INFO:colcon.colcon_core.shell:Creating environment hook '/home/wise/ws_yolov5/install/image_publisher/share/image_publisher/hook/ament_prefix_path.ps1'
[0.449s] INFO:colcon.colcon_core.shell:Creating environment descriptor '/home/wise/ws_yolov5/install/image_publisher/share/image_publisher/hook/ament_prefix_path.dsv'
[0.450s] INFO:colcon.colcon_core.shell:Creating environment hook '/home/wise/ws_yolov5/install/image_publisher/share/image_publisher/hook/ament_prefix_path.sh'
[0.451s] INFO:colcon.colcon_core.shell:Skip shell extension 'powershell' for command environment: Not usable outside of PowerShell
[0.451s] DEBUG:colcon.colcon_core.shell:Skip shell extension 'dsv' for command environment
[0.464s] DEBUG:colcon.colcon_core.event_handler.log_command:Invoking command in '/home/wise/ws_yolov5/build/msgs_bbox': CMAKE_PREFIX_PATH=${CMAKE_PREFIX_PATH}:/home/wise/ws_yolov5/install/image_publisher:/home/wise/ws_yolov5/install/yolov5_humble:/opt/ros/humble /usr/bin/cmake /home/wise/ws_yolov5/src/msgs_bbox -DCMAKE_INSTALL_PREFIX=/home/wise/ws_yolov5/install/msgs_bbox
[0.913s] INFO:colcon.colcon_core.task.python.build:Building Python package in '/home/wise/ws_yolov5/src/image_publisher'
[0.914s] INFO:colcon.colcon_core.shell:Skip shell extension 'powershell' for command environment: Not usable outside of PowerShell
[0.914s] DEBUG:colcon.colcon_core.shell:Skip shell extension 'dsv' for command environment
[2.052s] DEBUG:colcon.colcon_core.event_handler.log_command:Invoking command in '/home/wise/ws_yolov5/src/image_publisher': PYTHONPATH=/home/wise/ws_yolov5/build/image_publisher/prefix_override:/usr/lib/python3/dist-packages/colcon_core/task/python/colcon_distutils_commands:/home/wise/ws_yolov5/install/image_publisher/lib/python3.10/site-packages:${PYTHONPATH} /usr/bin/python3 -W ignore:setup.py install is deprecated -W ignore:easy_install command is deprecated setup.py egg_info --egg-base ../../build/image_publisher build --build-base /home/wise/ws_yolov5/build/image_publisher/build install --record /home/wise/ws_yolov5/build/image_publisher/install.log --single-version-externally-managed install_data
[3.145s] DEBUG:colcon.colcon_core.event_handler.log_command:Invoked command in '/home/wise/ws_yolov5/src/image_publisher' returned '0': PYTHONPATH=/home/wise/ws_yolov5/build/image_publisher/prefix_override:/usr/lib/python3/dist-packages/colcon_core/task/python/colcon_distutils_commands:/home/wise/ws_yolov5/install/image_publisher/lib/python3.10/site-packages:${PYTHONPATH} /usr/bin/python3 -W ignore:setup.py install is deprecated -W ignore:easy_install command is deprecated setup.py egg_info --egg-base ../../build/image_publisher build --build-base /home/wise/ws_yolov5/build/image_publisher/build install --record /home/wise/ws_yolov5/build/image_publisher/install.log --single-version-externally-managed install_data
[3.154s] Level 1:colcon.colcon_core.environment:checking '/home/wise/ws_yolov5/install/image_publisher' for CMake module files
[3.155s] Level 1:colcon.colcon_core.environment:checking '/home/wise/ws_yolov5/install/image_publisher' for CMake config files
[3.157s] Level 1:colcon.colcon_core.environment:checking '/home/wise/ws_yolov5/install/image_publisher/lib'
[3.158s] Level 1:colcon.colcon_core.environment:checking '/home/wise/ws_yolov5/install/image_publisher/bin'
[3.158s] Level 1:colcon.colcon_core.environment:checking '/home/wise/ws_yolov5/install/image_publisher/lib/pkgconfig/image_publisher.pc'
[3.159s] Level 1:colcon.colcon_core.environment:checking '/home/wise/ws_yolov5/install/image_publisher/lib/python3.10/site-packages'
[3.159s] Level 1:colcon.colcon_core.shell:create_environment_hook('image_publisher', 'pythonpath')
[3.160s] INFO:colcon.colcon_core.shell:Creating environment hook '/home/wise/ws_yolov5/install/image_publisher/share/image_publisher/hook/pythonpath.ps1'
[3.162s] INFO:colcon.colcon_core.shell:Creating environment descriptor '/home/wise/ws_yolov5/install/image_publisher/share/image_publisher/hook/pythonpath.dsv'
[3.163s] INFO:colcon.colcon_core.shell:Creating environment hook '/home/wise/ws_yolov5/install/image_publisher/share/image_publisher/hook/pythonpath.sh'
[3.165s] Level 1:colcon.colcon_core.environment:checking '/home/wise/ws_yolov5/install/image_publisher/bin'
[3.165s] Level 1:colcon.colcon_core.environment:create_environment_scripts_only(image_publisher)
[3.166s] INFO:colcon.colcon_core.shell:Creating package script '/home/wise/ws_yolov5/install/image_publisher/share/image_publisher/package.ps1'
[3.169s] INFO:colcon.colcon_core.shell:Creating package descriptor '/home/wise/ws_yolov5/install/image_publisher/share/image_publisher/package.dsv'
[3.171s] INFO:colcon.colcon_core.shell:Creating package script '/home/wise/ws_yolov5/install/image_publisher/share/image_publisher/package.sh'
[3.174s] INFO:colcon.colcon_core.shell:Creating package script '/home/wise/ws_yolov5/install/image_publisher/share/image_publisher/package.bash'
[3.177s] INFO:colcon.colcon_core.shell:Creating package script '/home/wise/ws_yolov5/install/image_publisher/share/image_publisher/package.zsh'
[3.179s] Level 1:colcon.colcon_core.environment:create_file_with_runtime_dependencies(/home/wise/ws_yolov5/install/image_publisher/share/colcon-core/packages/image_publisher)
[4.000s] DEBUG:colcon.colcon_core.event_handler.log_command:Invoked command in '/home/wise/ws_yolov5/build/msgs_bbox' returned '0': CMAKE_PREFIX_PATH=${CMAKE_PREFIX_PATH}:/home/wise/ws_yolov5/install/image_publisher:/home/wise/ws_yolov5/install/yolov5_humble:/opt/ros/humble /usr/bin/cmake /home/wise/ws_yolov5/src/msgs_bbox -DCMAKE_INSTALL_PREFIX=/home/wise/ws_yolov5/install/msgs_bbox
[4.004s] DEBUG:colcon.colcon_core.event_handler.log_command:Invoking command in '/home/wise/ws_yolov5/build/msgs_bbox': CMAKE_PREFIX_PATH=${CMAKE_PREFIX_PATH}:/home/wise/ws_yolov5/install/image_publisher:/home/wise/ws_yolov5/install/yolov5_humble:/opt/ros/humble /usr/bin/cmake --build /home/wise/ws_yolov5/build/msgs_bbox -- -j8 -l8
[7.832s] DEBUG:colcon.colcon_core.event_handler.log_command:Invoked command in '/home/wise/ws_yolov5/build/msgs_bbox' returned '0': CMAKE_PREFIX_PATH=${CMAKE_PREFIX_PATH}:/home/wise/ws_yolov5/install/image_publisher:/home/wise/ws_yolov5/install/yolov5_humble:/opt/ros/humble /usr/bin/cmake --build /home/wise/ws_yolov5/build/msgs_bbox -- -j8 -l8
[7.854s] DEBUG:colcon.colcon_core.event_handler.log_command:Invoking command in '/home/wise/ws_yolov5/build/msgs_bbox': CMAKE_PREFIX_PATH=${CMAKE_PREFIX_PATH}:/home/wise/ws_yolov5/install/image_publisher:/home/wise/ws_yolov5/install/yolov5_humble:/opt/ros/humble /usr/bin/cmake --install /home/wise/ws_yolov5/build/msgs_bbox
[8.004s] Level 1:colcon.colcon_core.environment:create_environment_scripts_only(msgs_bbox)
[8.006s] Level 1:colcon.colcon_core.environment:checking '/home/wise/ws_yolov5/install/msgs_bbox' for CMake module files
[8.007s] DEBUG:colcon.colcon_core.event_handler.log_command:Invoked command in '/home/wise/ws_yolov5/build/msgs_bbox' returned '0': CMAKE_PREFIX_PATH=${CMAKE_PREFIX_PATH}:/home/wise/ws_yolov5/install/image_publisher:/home/wise/ws_yolov5/install/yolov5_humble:/opt/ros/humble /usr/bin/cmake --install /home/wise/ws_yolov5/build/msgs_bbox
[8.008s] Level 1:colcon.colcon_core.environment:checking '/home/wise/ws_yolov5/install/msgs_bbox' for CMake config files
[8.009s] Level 1:colcon.colcon_core.shell:create_environment_hook('msgs_bbox', 'cmake_prefix_path')
[8.010s] INFO:colcon.colcon_core.shell:Creating environment hook '/home/wise/ws_yolov5/install/msgs_bbox/share/msgs_bbox/hook/cmake_prefix_path.ps1'
[8.012s] INFO:colcon.colcon_core.shell:Creating environment descriptor '/home/wise/ws_yolov5/install/msgs_bbox/share/msgs_bbox/hook/cmake_prefix_path.dsv'
[8.013s] INFO:colcon.colcon_core.shell:Creating environment hook '/home/wise/ws_yolov5/install/msgs_bbox/share/msgs_bbox/hook/cmake_prefix_path.sh'
[8.015s] Level 1:colcon.colcon_core.environment:checking '/home/wise/ws_yolov5/install/msgs_bbox/lib'
[8.015s] Level 1:colcon.colcon_core.shell:create_environment_hook('msgs_bbox', 'ld_library_path_lib')
[8.016s] INFO:colcon.colcon_core.shell:Creating environment hook '/home/wise/ws_yolov5/install/msgs_bbox/share/msgs_bbox/hook/ld_library_path_lib.ps1'
[8.017s] INFO:colcon.colcon_core.shell:Creating environment descriptor '/home/wise/ws_yolov5/install/msgs_bbox/share/msgs_bbox/hook/ld_library_path_lib.dsv'
[8.018s] INFO:colcon.colcon_core.shell:Creating environment hook '/home/wise/ws_yolov5/install/msgs_bbox/share/msgs_bbox/hook/ld_library_path_lib.sh'
[8.020s] Level 1:colcon.colcon_core.environment:checking '/home/wise/ws_yolov5/install/msgs_bbox/bin'
[8.020s] Level 1:colcon.colcon_core.environment:checking '/home/wise/ws_yolov5/install/msgs_bbox/lib/pkgconfig/msgs_bbox.pc'
[8.021s] Level 1:colcon.colcon_core.environment:checking '/home/wise/ws_yolov5/install/msgs_bbox/lib/python3.10/site-packages'
[8.022s] Level 1:colcon.colcon_core.environment:checking '/home/wise/ws_yolov5/install/msgs_bbox/bin'
[8.023s] INFO:colcon.colcon_core.shell:Creating package script '/home/wise/ws_yolov5/install/msgs_bbox/share/msgs_bbox/package.ps1'
[8.025s] INFO:colcon.colcon_core.shell:Creating package descriptor '/home/wise/ws_yolov5/install/msgs_bbox/share/msgs_bbox/package.dsv'
[8.027s] INFO:colcon.colcon_core.shell:Creating package script '/home/wise/ws_yolov5/install/msgs_bbox/share/msgs_bbox/package.sh'
[8.028s] INFO:colcon.colcon_core.shell:Creating package script '/home/wise/ws_yolov5/install/msgs_bbox/share/msgs_bbox/package.bash'
[8.029s] INFO:colcon.colcon_core.shell:Creating package script '/home/wise/ws_yolov5/install/msgs_bbox/share/msgs_bbox/package.zsh'
[8.031s] Level 1:colcon.colcon_core.environment:create_file_with_runtime_dependencies(/home/wise/ws_yolov5/install/msgs_bbox/share/colcon-core/packages/msgs_bbox)
[8.033s] Level 1:colcon.colcon_core.environment:create_environment_scripts_only(msgs_bbox)
[8.034s] Level 1:colcon.colcon_core.environment:checking '/home/wise/ws_yolov5/install/msgs_bbox' for CMake module files
[8.036s] Level 1:colcon.colcon_core.environment:checking '/home/wise/ws_yolov5/install/msgs_bbox' for CMake config files
[8.039s] Level 1:colcon.colcon_core.shell:create_environment_hook('msgs_bbox', 'cmake_prefix_path')
[8.040s] INFO:colcon.colcon_core.shell:Creating environment hook '/home/wise/ws_yolov5/install/msgs_bbox/share/msgs_bbox/hook/cmake_prefix_path.ps1'
[8.041s] INFO:colcon.colcon_core.shell:Creating environment descriptor '/home/wise/ws_yolov5/install/msgs_bbox/share/msgs_bbox/hook/cmake_prefix_path.dsv'
[8.042s] INFO:colcon.colcon_core.shell:Creating environment hook '/home/wise/ws_yolov5/install/msgs_bbox/share/msgs_bbox/hook/cmake_prefix_path.sh'
[8.044s] Level 1:colcon.colcon_core.environment:checking '/home/wise/ws_yolov5/install/msgs_bbox/lib'
[8.045s] Level 1:colcon.colcon_core.shell:create_environment_hook('msgs_bbox', 'ld_library_path_lib')
[8.045s] INFO:colcon.colcon_core.shell:Creating environment hook '/home/wise/ws_yolov5/install/msgs_bbox/share/msgs_bbox/hook/ld_library_path_lib.ps1'
[8.047s] INFO:colcon.colcon_core.shell:Creating environment descriptor '/home/wise/ws_yolov5/install/msgs_bbox/share/msgs_bbox/hook/ld_library_path_lib.dsv'
[8.048s] INFO:colcon.colcon_core.shell:Creating environment hook '/home/wise/ws_yolov5/install/msgs_bbox/share/msgs_bbox/hook/ld_library_path_lib.sh'
[8.049s] Level 1:colcon.colcon_core.environment:checking '/home/wise/ws_yolov5/install/msgs_bbox/bin'
[8.049s] Level 1:colcon.colcon_core.environment:checking '/home/wise/ws_yolov5/install/msgs_bbox/lib/pkgconfig/msgs_bbox.pc'
[8.050s] Level 1:colcon.colcon_core.environment:checking '/home/wise/ws_yolov5/install/msgs_bbox/lib/python3.10/site-packages'
[8.051s] Level 1:colcon.colcon_core.environment:checking '/home/wise/ws_yolov5/install/msgs_bbox/bin'
[8.051s] INFO:colcon.colcon_core.shell:Creating package script '/home/wise/ws_yolov5/install/msgs_bbox/share/msgs_bbox/package.ps1'
[8.054s] INFO:colcon.colcon_core.shell:Creating package descriptor '/home/wise/ws_yolov5/install/msgs_bbox/share/msgs_bbox/package.dsv'
[8.055s] INFO:colcon.colcon_core.shell:Creating package script '/home/wise/ws_yolov5/install/msgs_bbox/share/msgs_bbox/package.sh'
[8.057s] INFO:colcon.colcon_core.shell:Creating package script '/home/wise/ws_yolov5/install/msgs_bbox/share/msgs_bbox/package.bash'
[8.058s] INFO:colcon.colcon_core.shell:Creating package script '/home/wise/ws_yolov5/install/msgs_bbox/share/msgs_bbox/package.zsh'
[8.059s] Level 1:colcon.colcon_core.environment:create_file_with_runtime_dependencies(/home/wise/ws_yolov5/install/msgs_bbox/share/colcon-core/packages/msgs_bbox)
[8.060s] INFO:colcon.colcon_ros.task.ament_python.build:Building ROS package in '/home/wise/ws_yolov5/src/yolov5_humble' with build type 'ament_python'
[8.061s] Level 1:colcon.colcon_core.shell:create_environment_hook('yolov5_humble', 'ament_prefix_path')
[8.062s] INFO:colcon.colcon_core.shell:Creating environment hook '/home/wise/ws_yolov5/install/yolov5_humble/share/yolov5_humble/hook/ament_prefix_path.ps1'
[8.064s] INFO:colcon.colcon_core.shell:Creating environment descriptor '/home/wise/ws_yolov5/install/yolov5_humble/share/yolov5_humble/hook/ament_prefix_path.dsv'
[8.065s] INFO:colcon.colcon_core.shell:Creating environment hook '/home/wise/ws_yolov5/install/yolov5_humble/share/yolov5_humble/hook/ament_prefix_path.sh'
[8.067s] INFO:colcon.colcon_core.shell:Skip shell extension 'powershell' for command environment: Not usable outside of PowerShell
[8.067s] DEBUG:colcon.colcon_core.shell:Skip shell extension 'dsv' for command environment
[8.501s] INFO:colcon.colcon_core.task.python.build:Building Python package in '/home/wise/ws_yolov5/src/yolov5_humble'
[8.501s] INFO:colcon.colcon_core.shell:Skip shell extension 'powershell' for command environment: Not usable outside of PowerShell
[8.502s] DEBUG:colcon.colcon_core.shell:Skip shell extension 'dsv' for command environment
[9.635s] DEBUG:colcon.colcon_core.event_handler.log_command:Invoking command in '/home/wise/ws_yolov5/src/yolov5_humble': LD_LIBRARY_PATH=/home/wise/ws_yolov5/install/msgs_bbox/lib:/home/wise/ws_yolov5/install/bbox_ex_msgs/lib:/usr/local/cuda-12.0/extras/CUPTI/lib64:/usr/lib/aarch64-linux-gnu:/opt/ros/humble/opt/rviz_ogre_vendor/lib:/opt/ros/humble/lib/aarch64-linux-gnu:/opt/ros/humble/lib:/usr/local/cuda-12.0/lib64 PYTHONPATH=/home/wise/ws_yolov5/build/yolov5_humble/prefix_override:/usr/lib/python3/dist-packages/colcon_core/task/python/colcon_distutils_commands:/home/wise/ws_yolov5/install/yolov5_humble/lib/python3.10/site-packages:${PYTHONPATH} /usr/bin/python3 -W ignore:setup.py install is deprecated -W ignore:easy_install command is deprecated setup.py egg_info --egg-base ../../build/yolov5_humble build --build-base /home/wise/ws_yolov5/build/yolov5_humble/build install --record /home/wise/ws_yolov5/build/yolov5_humble/install.log --single-version-externally-managed install_data
[10.698s] Level 1:colcon.colcon_core.environment:checking '/home/wise/ws_yolov5/install/yolov5_humble' for CMake module files
[10.699s] DEBUG:colcon.colcon_core.event_handler.log_command:Invoked command in '/home/wise/ws_yolov5/src/yolov5_humble' returned '0': LD_LIBRARY_PATH=/home/wise/ws_yolov5/install/msgs_bbox/lib:/home/wise/ws_yolov5/install/bbox_ex_msgs/lib:/usr/local/cuda-12.0/extras/CUPTI/lib64:/usr/lib/aarch64-linux-gnu:/opt/ros/humble/opt/rviz_ogre_vendor/lib:/opt/ros/humble/lib/aarch64-linux-gnu:/opt/ros/humble/lib:/usr/local/cuda-12.0/lib64 PYTHONPATH=/home/wise/ws_yolov5/build/yolov5_humble/prefix_override:/usr/lib/python3/dist-packages/colcon_core/task/python/colcon_distutils_commands:/home/wise/ws_yolov5/install/yolov5_humble/lib/python3.10/site-packages:${PYTHONPATH} /usr/bin/python3 -W ignore:setup.py install is deprecated -W ignore:easy_install command is deprecated setup.py egg_info --egg-base ../../build/yolov5_humble build --build-base /home/wise/ws_yolov5/build/yolov5_humble/build install --record /home/wise/ws_yolov5/build/yolov5_humble/install.log --single-version-externally-managed install_data
[10.700s] Level 1:colcon.colcon_core.environment:checking '/home/wise/ws_yolov5/install/yolov5_humble' for CMake config files
[10.701s] Level 1:colcon.colcon_core.environment:checking '/home/wise/ws_yolov5/install/yolov5_humble/lib'
[10.701s] Level 1:colcon.colcon_core.environment:checking '/home/wise/ws_yolov5/install/yolov5_humble/bin'
[10.701s] Level 1:colcon.colcon_core.environment:checking '/home/wise/ws_yolov5/install/yolov5_humble/lib/pkgconfig/yolov5_humble.pc'
[10.701s] Level 1:colcon.colcon_core.environment:checking '/home/wise/ws_yolov5/install/yolov5_humble/lib/python3.10/site-packages'
[10.702s] Level 1:colcon.colcon_core.shell:create_environment_hook('yolov5_humble', 'pythonpath')
[10.702s] INFO:colcon.colcon_core.shell:Creating environment hook '/home/wise/ws_yolov5/install/yolov5_humble/share/yolov5_humble/hook/pythonpath.ps1'
[10.703s] INFO:colcon.colcon_core.shell:Creating environment descriptor '/home/wise/ws_yolov5/install/yolov5_humble/share/yolov5_humble/hook/pythonpath.dsv'
[10.704s] INFO:colcon.colcon_core.shell:Creating environment hook '/home/wise/ws_yolov5/install/yolov5_humble/share/yolov5_humble/hook/pythonpath.sh'
[10.705s] Level 1:colcon.colcon_core.environment:checking '/home/wise/ws_yolov5/install/yolov5_humble/bin'
[10.705s] Level 1:colcon.colcon_core.environment:create_environment_scripts_only(yolov5_humble)
[10.706s] INFO:colcon.colcon_core.shell:Creating package script '/home/wise/ws_yolov5/install/yolov5_humble/share/yolov5_humble/package.ps1'
[10.708s] INFO:colcon.colcon_core.shell:Creating package descriptor '/home/wise/ws_yolov5/install/yolov5_humble/share/yolov5_humble/package.dsv'
[10.710s] INFO:colcon.colcon_core.shell:Creating package script '/home/wise/ws_yolov5/install/yolov5_humble/share/yolov5_humble/package.sh'
[10.711s] INFO:colcon.colcon_core.shell:Creating package script '/home/wise/ws_yolov5/install/yolov5_humble/share/yolov5_humble/package.bash'
[10.713s] INFO:colcon.colcon_core.shell:Creating package script '/home/wise/ws_yolov5/install/yolov5_humble/share/yolov5_humble/package.zsh'
[10.714s] Level 1:colcon.colcon_core.environment:create_file_with_runtime_dependencies(/home/wise/ws_yolov5/install/yolov5_humble/share/colcon-core/packages/yolov5_humble)
[10.715s] DEBUG:colcon.colcon_parallel_executor.executor.parallel:closing loop
[10.716s] DEBUG:colcon.colcon_parallel_executor.executor.parallel:loop closed
[10.716s] DEBUG:colcon.colcon_parallel_executor.executor.parallel:run_until_complete finished with '0'
[10.717s] DEBUG:colcon.colcon_core.event_reactor:joining thread
[10.736s] INFO:colcon.colcon_core.plugin_system:Skipping extension 'colcon_notification.desktop_notification.terminal_notifier': Not used on non-Darwin systems
[10.737s] INFO:colcon.colcon_core.plugin_system:Skipping extension 'colcon_notification.desktop_notification.win32': Not used on non-Windows systems
[10.737s] INFO:colcon.colcon_notification.desktop_notification:Sending desktop notification using 'notify2'
[10.781s] DEBUG:colcon.colcon_core.event_reactor:joined thread
[10.782s] INFO:colcon.colcon_core.shell:Creating prefix script '/home/wise/ws_yolov5/install/local_setup.ps1'
[10.787s] INFO:colcon.colcon_core.shell:Creating prefix util module '/home/wise/ws_yolov5/install/_local_setup_util_ps1.py'
[10.792s] INFO:colcon.colcon_core.shell:Creating prefix chain script '/home/wise/ws_yolov5/install/setup.ps1'
[10.796s] INFO:colcon.colcon_core.shell:Creating prefix script '/home/wise/ws_yolov5/install/local_setup.sh'
[10.798s] INFO:colcon.colcon_core.shell:Creating prefix util module '/home/wise/ws_yolov5/install/_local_setup_util_sh.py'
[10.800s] INFO:colcon.colcon_core.shell:Creating prefix chain script '/home/wise/ws_yolov5/install/setup.sh'
[10.804s] INFO:colcon.colcon_core.shell:Creating prefix script '/home/wise/ws_yolov5/install/local_setup.bash'
[10.806s] INFO:colcon.colcon_core.shell:Creating prefix chain script '/home/wise/ws_yolov5/install/setup.bash'
[10.809s] INFO:colcon.colcon_core.shell:Creating prefix script '/home/wise/ws_yolov5/install/local_setup.zsh'
[10.811s] INFO:colcon.colcon_core.shell:Creating prefix chain script '/home/wise/ws_yolov5/install/setup.zsh'
