[  2%] Built target msgs_bbox__cpp
[ 12%] Built target msgs_bbox__rosidl_generator_c
[ 12%] Built target ament_cmake_python_copy_msgs_bbox
[ 33%] Built target msgs_bbox__rosidl_typesupport_introspection_c
[ 33%] Built target msgs_bbox__rosidl_typesupport_c
[ 53%] Built target msgs_bbox__rosidl_typesupport_introspection_cpp
[ 53%] Built target msgs_bbox__rosidl_typesupport_fastrtps_cpp
[ 64%] Built target msgs_bbox__rosidl_typesupport_cpp
[ 74%] Built target msgs_bbox__rosidl_typesupport_fastrtps_c
[ 74%] Built target msgs_bbox
[ 76%] Built target msgs_bbox__py
[ 84%] Built target msgs_bbox__rosidl_generator_py
[100%] Built target msgs_bbox__rosidl_typesupport_introspection_c__pyext
[100%] Built target msgs_bbox__rosidl_typesupport_fastrtps_c__pyext
[100%] Built target msgs_bbox__rosidl_typesupport_c__pyext
running egg_info
writing msgs_bbox.egg-info/PKG-INFO
writing dependency_links to msgs_bbox.egg-info/dependency_links.txt
writing top-level names to msgs_bbox.egg-info/top_level.txt
reading manifest file 'msgs_bbox.egg-info/SOURCES.txt'
writing manifest file 'msgs_bbox.egg-info/SOURCES.txt'
[100%] Built target ament_cmake_python_build_msgs_bbox_egg
-- Install configuration: ""
-- Up-to-date: /home/wise/ws_yolov5/install/msgs_bbox/share/ament_index/resource_index/rosidl_interfaces/msgs_bbox
-- Up-to-date: /home/wise/ws_yolov5/install/msgs_bbox/include/msgs_bbox/msgs_bbox
-- Up-to-date: /home/wise/ws_yolov5/install/msgs_bbox/include/msgs_bbox/msgs_bbox/msg
-- Up-to-date: /home/wise/ws_yolov5/install/msgs_bbox/include/msgs_bbox/msgs_bbox/msg/b_boxes.h
-- Up-to-date: /home/wise/ws_yolov5/install/msgs_bbox/include/msgs_bbox/msgs_bbox/msg/b_box.h
-- Up-to-date: /home/wise/ws_yolov5/install/msgs_bbox/include/msgs_bbox/msgs_bbox/msg/detail
-- Up-to-date: /home/wise/ws_yolov5/install/msgs_bbox/include/msgs_bbox/msgs_bbox/msg/detail/b_box__struct.h
-- Up-to-date: /home/wise/ws_yolov5/install/msgs_bbox/include/msgs_bbox/msgs_bbox/msg/detail/b_boxes__functions.h
-- Up-to-date: /home/wise/ws_yolov5/install/msgs_bbox/include/msgs_bbox/msgs_bbox/msg/detail/b_boxes__type_support.h
-- Up-to-date: /home/wise/ws_yolov5/install/msgs_bbox/include/msgs_bbox/msgs_bbox/msg/detail/b_box__functions.c
-- Up-to-date: /home/wise/ws_yolov5/install/msgs_bbox/include/msgs_bbox/msgs_bbox/msg/detail/b_boxes__struct.h
-- Up-to-date: /home/wise/ws_yolov5/install/msgs_bbox/include/msgs_bbox/msgs_bbox/msg/detail/b_boxes__functions.c
-- Up-to-date: /home/wise/ws_yolov5/install/msgs_bbox/include/msgs_bbox/msgs_bbox/msg/detail/b_box__type_support.h
-- Up-to-date: /home/wise/ws_yolov5/install/msgs_bbox/include/msgs_bbox/msgs_bbox/msg/detail/b_box__functions.h
-- Up-to-date: /home/wise/ws_yolov5/install/msgs_bbox/include/msgs_bbox/msgs_bbox/msg/rosidl_generator_c__visibility_control.h
-- Up-to-date: /home/wise/ws_yolov5/install/msgs_bbox/share/msgs_bbox/environment/library_path.sh
-- Up-to-date: /home/wise/ws_yolov5/install/msgs_bbox/share/msgs_bbox/environment/library_path.dsv
-- Up-to-date: /home/wise/ws_yolov5/install/msgs_bbox/lib/libmsgs_bbox__rosidl_generator_c.so
-- Up-to-date: /home/wise/ws_yolov5/install/msgs_bbox/include/msgs_bbox/msgs_bbox
-- Up-to-date: /home/wise/ws_yolov5/install/msgs_bbox/include/msgs_bbox/msgs_bbox/msg
-- Up-to-date: /home/wise/ws_yolov5/install/msgs_bbox/include/msgs_bbox/msgs_bbox/msg/detail
-- Up-to-date: /home/wise/ws_yolov5/install/msgs_bbox/include/msgs_bbox/msgs_bbox/msg/detail/b_boxes__rosidl_typesupport_fastrtps_c.h
-- Up-to-date: /home/wise/ws_yolov5/install/msgs_bbox/include/msgs_bbox/msgs_bbox/msg/detail/b_box__rosidl_typesupport_fastrtps_c.h
-- Up-to-date: /home/wise/ws_yolov5/install/msgs_bbox/include/msgs_bbox/msgs_bbox/msg/rosidl_typesupport_fastrtps_c__visibility_control.h
-- Up-to-date: /home/wise/ws_yolov5/install/msgs_bbox/lib/libmsgs_bbox__rosidl_typesupport_fastrtps_c.so
-- Up-to-date: /home/wise/ws_yolov5/install/msgs_bbox/include/msgs_bbox/msgs_bbox
-- Up-to-date: /home/wise/ws_yolov5/install/msgs_bbox/include/msgs_bbox/msgs_bbox/msg
-- Up-to-date: /home/wise/ws_yolov5/install/msgs_bbox/include/msgs_bbox/msgs_bbox/msg/detail
-- Up-to-date: /home/wise/ws_yolov5/install/msgs_bbox/include/msgs_bbox/msgs_bbox/msg/detail/b_boxes__rosidl_typesupport_introspection_c.h
-- Up-to-date: /home/wise/ws_yolov5/install/msgs_bbox/include/msgs_bbox/msgs_bbox/msg/detail/b_box__type_support.c
-- Up-to-date: /home/wise/ws_yolov5/install/msgs_bbox/include/msgs_bbox/msgs_bbox/msg/detail/b_boxes__type_support.c
-- Up-to-date: /home/wise/ws_yolov5/install/msgs_bbox/include/msgs_bbox/msgs_bbox/msg/detail/b_box__rosidl_typesupport_introspection_c.h
-- Up-to-date: /home/wise/ws_yolov5/install/msgs_bbox/include/msgs_bbox/msgs_bbox/msg/rosidl_typesupport_introspection_c__visibility_control.h
-- Up-to-date: /home/wise/ws_yolov5/install/msgs_bbox/lib/libmsgs_bbox__rosidl_typesupport_introspection_c.so
-- Up-to-date: /home/wise/ws_yolov5/install/msgs_bbox/lib/libmsgs_bbox__rosidl_typesupport_c.so
-- Up-to-date: /home/wise/ws_yolov5/install/msgs_bbox/include/msgs_bbox/msgs_bbox
-- Up-to-date: /home/wise/ws_yolov5/install/msgs_bbox/include/msgs_bbox/msgs_bbox/msg
-- Up-to-date: /home/wise/ws_yolov5/install/msgs_bbox/include/msgs_bbox/msgs_bbox/msg/b_boxes.hpp
-- Up-to-date: /home/wise/ws_yolov5/install/msgs_bbox/include/msgs_bbox/msgs_bbox/msg/b_box.hpp
-- Up-to-date: /home/wise/ws_yolov5/install/msgs_bbox/include/msgs_bbox/msgs_bbox/msg/detail
-- Up-to-date: /home/wise/ws_yolov5/install/msgs_bbox/include/msgs_bbox/msgs_bbox/msg/detail/b_boxes__builder.hpp
-- Up-to-date: /home/wise/ws_yolov5/install/msgs_bbox/include/msgs_bbox/msgs_bbox/msg/detail/b_boxes__traits.hpp
-- Up-to-date: /home/wise/ws_yolov5/install/msgs_bbox/include/msgs_bbox/msgs_bbox/msg/detail/b_box__traits.hpp
-- Up-to-date: /home/wise/ws_yolov5/install/msgs_bbox/include/msgs_bbox/msgs_bbox/msg/detail/b_box__struct.hpp
-- Up-to-date: /home/wise/ws_yolov5/install/msgs_bbox/include/msgs_bbox/msgs_bbox/msg/detail/b_box__builder.hpp
-- Up-to-date: /home/wise/ws_yolov5/install/msgs_bbox/include/msgs_bbox/msgs_bbox/msg/detail/b_boxes__struct.hpp
-- Up-to-date: /home/wise/ws_yolov5/install/msgs_bbox/include/msgs_bbox/msgs_bbox
-- Up-to-date: /home/wise/ws_yolov5/install/msgs_bbox/include/msgs_bbox/msgs_bbox/msg
-- Up-to-date: /home/wise/ws_yolov5/install/msgs_bbox/include/msgs_bbox/msgs_bbox/msg/rosidl_typesupport_fastrtps_cpp__visibility_control.h
-- Up-to-date: /home/wise/ws_yolov5/install/msgs_bbox/include/msgs_bbox/msgs_bbox/msg/detail
-- Up-to-date: /home/wise/ws_yolov5/install/msgs_bbox/include/msgs_bbox/msgs_bbox/msg/detail/b_boxes__rosidl_typesupport_fastrtps_cpp.hpp
-- Up-to-date: /home/wise/ws_yolov5/install/msgs_bbox/include/msgs_bbox/msgs_bbox/msg/detail/b_box__rosidl_typesupport_fastrtps_cpp.hpp
-- Up-to-date: /home/wise/ws_yolov5/install/msgs_bbox/include/msgs_bbox/msgs_bbox/msg/detail/dds_fastrtps
-- Up-to-date: /home/wise/ws_yolov5/install/msgs_bbox/lib/libmsgs_bbox__rosidl_typesupport_fastrtps_cpp.so
-- Up-to-date: /home/wise/ws_yolov5/install/msgs_bbox/include/msgs_bbox/msgs_bbox
-- Up-to-date: /home/wise/ws_yolov5/install/msgs_bbox/include/msgs_bbox/msgs_bbox/msg
-- Up-to-date: /home/wise/ws_yolov5/install/msgs_bbox/include/msgs_bbox/msgs_bbox/msg/detail
-- Up-to-date: /home/wise/ws_yolov5/install/msgs_bbox/include/msgs_bbox/msgs_bbox/msg/detail/b_boxes__rosidl_typesupport_introspection_cpp.hpp
-- Up-to-date: /home/wise/ws_yolov5/install/msgs_bbox/include/msgs_bbox/msgs_bbox/msg/detail/b_box__type_support.cpp
-- Up-to-date: /home/wise/ws_yolov5/install/msgs_bbox/include/msgs_bbox/msgs_bbox/msg/detail/b_box__rosidl_typesupport_introspection_cpp.hpp
-- Up-to-date: /home/wise/ws_yolov5/install/msgs_bbox/include/msgs_bbox/msgs_bbox/msg/detail/b_boxes__type_support.cpp
-- Up-to-date: /home/wise/ws_yolov5/install/msgs_bbox/lib/libmsgs_bbox__rosidl_typesupport_introspection_cpp.so
-- Up-to-date: /home/wise/ws_yolov5/install/msgs_bbox/lib/libmsgs_bbox__rosidl_typesupport_cpp.so
-- Up-to-date: /home/wise/ws_yolov5/install/msgs_bbox/share/msgs_bbox/environment/pythonpath.sh
-- Up-to-date: /home/wise/ws_yolov5/install/msgs_bbox/share/msgs_bbox/environment/pythonpath.dsv
-- Up-to-date: /home/wise/ws_yolov5/install/msgs_bbox/local/lib/python3.10/dist-packages/msgs_bbox-0.0.0-py3.10.egg-info
-- Installing: /home/wise/ws_yolov5/install/msgs_bbox/local/lib/python3.10/dist-packages/msgs_bbox-0.0.0-py3.10.egg-info/PKG-INFO
-- Installing: /home/wise/ws_yolov5/install/msgs_bbox/local/lib/python3.10/dist-packages/msgs_bbox-0.0.0-py3.10.egg-info/dependency_links.txt
-- Installing: /home/wise/ws_yolov5/install/msgs_bbox/local/lib/python3.10/dist-packages/msgs_bbox-0.0.0-py3.10.egg-info/SOURCES.txt
-- Installing: /home/wise/ws_yolov5/install/msgs_bbox/local/lib/python3.10/dist-packages/msgs_bbox-0.0.0-py3.10.egg-info/top_level.txt
-- Up-to-date: /home/wise/ws_yolov5/install/msgs_bbox/local/lib/python3.10/dist-packages/msgs_bbox
-- Up-to-date: /home/wise/ws_yolov5/install/msgs_bbox/local/lib/python3.10/dist-packages/msgs_bbox/_msgs_bbox_s.ep.rosidl_typesupport_fastrtps_c.c
-- Up-to-date: /home/wise/ws_yolov5/install/msgs_bbox/local/lib/python3.10/dist-packages/msgs_bbox/msgs_bbox_s__rosidl_typesupport_c.cpython-310-aarch64-linux-gnu.so
-- Up-to-date: /home/wise/ws_yolov5/install/msgs_bbox/local/lib/python3.10/dist-packages/msgs_bbox/_msgs_bbox_s.ep.rosidl_typesupport_c.c
-- Up-to-date: /home/wise/ws_yolov5/install/msgs_bbox/local/lib/python3.10/dist-packages/msgs_bbox/msgs_bbox_s__rosidl_typesupport_fastrtps_c.cpython-310-aarch64-linux-gnu.so
-- Up-to-date: /home/wise/ws_yolov5/install/msgs_bbox/local/lib/python3.10/dist-packages/msgs_bbox/_msgs_bbox_s.ep.rosidl_typesupport_introspection_c.c
-- Up-to-date: /home/wise/ws_yolov5/install/msgs_bbox/local/lib/python3.10/dist-packages/msgs_bbox/__init__.py
-- Up-to-date: /home/wise/ws_yolov5/install/msgs_bbox/local/lib/python3.10/dist-packages/msgs_bbox/msg
-- Up-to-date: /home/wise/ws_yolov5/install/msgs_bbox/local/lib/python3.10/dist-packages/msgs_bbox/msg/_b_boxes_s.c
-- Up-to-date: /home/wise/ws_yolov5/install/msgs_bbox/local/lib/python3.10/dist-packages/msgs_bbox/msg/_b_boxes.py
-- Up-to-date: /home/wise/ws_yolov5/install/msgs_bbox/local/lib/python3.10/dist-packages/msgs_bbox/msg/__init__.py
-- Up-to-date: /home/wise/ws_yolov5/install/msgs_bbox/local/lib/python3.10/dist-packages/msgs_bbox/msg/_b_box.py
-- Up-to-date: /home/wise/ws_yolov5/install/msgs_bbox/local/lib/python3.10/dist-packages/msgs_bbox/msg/_b_box_s.c
-- Up-to-date: /home/wise/ws_yolov5/install/msgs_bbox/local/lib/python3.10/dist-packages/msgs_bbox/libmsgs_bbox__rosidl_generator_py.so
-- Up-to-date: /home/wise/ws_yolov5/install/msgs_bbox/local/lib/python3.10/dist-packages/msgs_bbox/msgs_bbox_s__rosidl_typesupport_introspection_c.cpython-310-aarch64-linux-gnu.so
Listing '/home/wise/ws_yolov5/install/msgs_bbox/local/lib/python3.10/dist-packages/msgs_bbox'...
Listing '/home/wise/ws_yolov5/install/msgs_bbox/local/lib/python3.10/dist-packages/msgs_bbox/msg'...
-- Up-to-date: /home/wise/ws_yolov5/install/msgs_bbox/local/lib/python3.10/dist-packages/msgs_bbox/msgs_bbox_s__rosidl_typesupport_fastrtps_c.cpython-310-aarch64-linux-gnu.so
-- Up-to-date: /home/wise/ws_yolov5/install/msgs_bbox/local/lib/python3.10/dist-packages/msgs_bbox/msgs_bbox_s__rosidl_typesupport_introspection_c.cpython-310-aarch64-linux-gnu.so
-- Up-to-date: /home/wise/ws_yolov5/install/msgs_bbox/local/lib/python3.10/dist-packages/msgs_bbox/msgs_bbox_s__rosidl_typesupport_c.cpython-310-aarch64-linux-gnu.so
-- Up-to-date: /home/wise/ws_yolov5/install/msgs_bbox/lib/libmsgs_bbox__rosidl_generator_py.so
-- Up-to-date: /home/wise/ws_yolov5/install/msgs_bbox/share/msgs_bbox/msg/BBox.idl
-- Up-to-date: /home/wise/ws_yolov5/install/msgs_bbox/share/msgs_bbox/msg/BBoxes.idl
-- Up-to-date: /home/wise/ws_yolov5/install/msgs_bbox/share/msgs_bbox/msg/BBox.msg
-- Up-to-date: /home/wise/ws_yolov5/install/msgs_bbox/share/msgs_bbox/msg/BBoxes.msg
-- Up-to-date: /home/wise/ws_yolov5/install/msgs_bbox/share/ament_index/resource_index/package_run_dependencies/msgs_bbox
-- Up-to-date: /home/wise/ws_yolov5/install/msgs_bbox/share/ament_index/resource_index/parent_prefix_path/msgs_bbox
-- Up-to-date: /home/wise/ws_yolov5/install/msgs_bbox/share/msgs_bbox/environment/ament_prefix_path.sh
-- Up-to-date: /home/wise/ws_yolov5/install/msgs_bbox/share/msgs_bbox/environment/ament_prefix_path.dsv
-- Up-to-date: /home/wise/ws_yolov5/install/msgs_bbox/share/msgs_bbox/environment/path.sh
-- Up-to-date: /home/wise/ws_yolov5/install/msgs_bbox/share/msgs_bbox/environment/path.dsv
-- Up-to-date: /home/wise/ws_yolov5/install/msgs_bbox/share/msgs_bbox/local_setup.bash
-- Up-to-date: /home/wise/ws_yolov5/install/msgs_bbox/share/msgs_bbox/local_setup.sh
-- Up-to-date: /home/wise/ws_yolov5/install/msgs_bbox/share/msgs_bbox/local_setup.zsh
-- Up-to-date: /home/wise/ws_yolov5/install/msgs_bbox/share/msgs_bbox/local_setup.dsv
-- Installing: /home/wise/ws_yolov5/install/msgs_bbox/share/msgs_bbox/package.dsv
-- Up-to-date: /home/wise/ws_yolov5/install/msgs_bbox/share/ament_index/resource_index/packages/msgs_bbox
-- Up-to-date: /home/wise/ws_yolov5/install/msgs_bbox/share/msgs_bbox/cmake/export_msgs_bbox__rosidl_generator_cExport.cmake
-- Up-to-date: /home/wise/ws_yolov5/install/msgs_bbox/share/msgs_bbox/cmake/export_msgs_bbox__rosidl_generator_cExport-noconfig.cmake
-- Up-to-date: /home/wise/ws_yolov5/install/msgs_bbox/share/msgs_bbox/cmake/export_msgs_bbox__rosidl_typesupport_fastrtps_cExport.cmake
-- Up-to-date: /home/wise/ws_yolov5/install/msgs_bbox/share/msgs_bbox/cmake/export_msgs_bbox__rosidl_typesupport_fastrtps_cExport-noconfig.cmake
-- Up-to-date: /home/wise/ws_yolov5/install/msgs_bbox/share/msgs_bbox/cmake/msgs_bbox__rosidl_typesupport_introspection_cExport.cmake
-- Up-to-date: /home/wise/ws_yolov5/install/msgs_bbox/share/msgs_bbox/cmake/msgs_bbox__rosidl_typesupport_introspection_cExport-noconfig.cmake
-- Up-to-date: /home/wise/ws_yolov5/install/msgs_bbox/share/msgs_bbox/cmake/msgs_bbox__rosidl_typesupport_cExport.cmake
-- Up-to-date: /home/wise/ws_yolov5/install/msgs_bbox/share/msgs_bbox/cmake/msgs_bbox__rosidl_typesupport_cExport-noconfig.cmake
-- Up-to-date: /home/wise/ws_yolov5/install/msgs_bbox/share/msgs_bbox/cmake/export_msgs_bbox__rosidl_generator_cppExport.cmake
-- Up-to-date: /home/wise/ws_yolov5/install/msgs_bbox/share/msgs_bbox/cmake/export_msgs_bbox__rosidl_typesupport_fastrtps_cppExport.cmake
-- Up-to-date: /home/wise/ws_yolov5/install/msgs_bbox/share/msgs_bbox/cmake/export_msgs_bbox__rosidl_typesupport_fastrtps_cppExport-noconfig.cmake
-- Up-to-date: /home/wise/ws_yolov5/install/msgs_bbox/share/msgs_bbox/cmake/msgs_bbox__rosidl_typesupport_introspection_cppExport.cmake
-- Up-to-date: /home/wise/ws_yolov5/install/msgs_bbox/share/msgs_bbox/cmake/msgs_bbox__rosidl_typesupport_introspection_cppExport-noconfig.cmake
-- Up-to-date: /home/wise/ws_yolov5/install/msgs_bbox/share/msgs_bbox/cmake/msgs_bbox__rosidl_typesupport_cppExport.cmake
-- Up-to-date: /home/wise/ws_yolov5/install/msgs_bbox/share/msgs_bbox/cmake/msgs_bbox__rosidl_typesupport_cppExport-noconfig.cmake
-- Up-to-date: /home/wise/ws_yolov5/install/msgs_bbox/share/msgs_bbox/cmake/export_msgs_bbox__rosidl_generator_pyExport.cmake
-- Up-to-date: /home/wise/ws_yolov5/install/msgs_bbox/share/msgs_bbox/cmake/export_msgs_bbox__rosidl_generator_pyExport-noconfig.cmake
-- Up-to-date: /home/wise/ws_yolov5/install/msgs_bbox/share/msgs_bbox/cmake/rosidl_cmake-extras.cmake
-- Up-to-date: /home/wise/ws_yolov5/install/msgs_bbox/share/msgs_bbox/cmake/ament_cmake_export_include_directories-extras.cmake
-- Up-to-date: /home/wise/ws_yolov5/install/msgs_bbox/share/msgs_bbox/cmake/ament_cmake_export_libraries-extras.cmake
-- Up-to-date: /home/wise/ws_yolov5/install/msgs_bbox/share/msgs_bbox/cmake/ament_cmake_export_targets-extras.cmake
-- Up-to-date: /home/wise/ws_yolov5/install/msgs_bbox/share/msgs_bbox/cmake/rosidl_cmake_export_typesupport_targets-extras.cmake
-- Up-to-date: /home/wise/ws_yolov5/install/msgs_bbox/share/msgs_bbox/cmake/ament_cmake_export_dependencies-extras.cmake
-- Up-to-date: /home/wise/ws_yolov5/install/msgs_bbox/share/msgs_bbox/cmake/rosidl_cmake_export_typesupport_libraries-extras.cmake
-- Up-to-date: /home/wise/ws_yolov5/install/msgs_bbox/share/msgs_bbox/cmake/msgs_bboxConfig.cmake
-- Up-to-date: /home/wise/ws_yolov5/install/msgs_bbox/share/msgs_bbox/cmake/msgs_bboxConfig-version.cmake
-- Up-to-date: /home/wise/ws_yolov5/install/msgs_bbox/share/msgs_bbox/package.xml
