[0.207s] DEBUG:colcon:Command line arguments: ['/usr/bin/colcon', 'build']
[0.207s] DEBUG:colcon:Parsed command line arguments: Namespace(log_base=None, log_level=None, verb_name='build', build_base='build', install_base='install', merge_install=False, symlink_install=False, test_result_base=None, continue_on_error=False, executor='parallel', parallel_workers=8, event_handlers=None, ignore_user_meta=False, metas=['./colcon.meta'], base_paths=['.'], packages_ignore=None, packages_ignore_regex=None, paths=None, packages_up_to=None, packages_up_to_regex=None, packages_above=None, packages_above_and_dependencies=None, packages_above_depth=None, packages_select_by_dep=None, packages_skip_by_dep=None, packages_skip_up_to=None, packages_select_build_failed=False, packages_skip_build_finished=False, packages_select_test_failures=False, packages_skip_test_passed=False, packages_select=None, packages_skip=None, packages_select_regex=None, packages_skip_regex=None, packages_start=None, packages_end=None, allow_overriding=[], cmake_args=None, cmake_target=None, cmake_target_skip_unavailable=False, cmake_clean_cache=False, cmake_clean_first=False, cmake_force_configure=False, ament_cmake_args=None, catkin_cmake_args=None, catkin_skip_building_tests=False, mixin_files=None, mixin=None, verb_parser=<colcon_mixin.mixin.mixin_argument.MixinArgumentDecorator object at 0xffff947dcbe0>, verb_extension=<colcon_core.verb.build.BuildVerb object at 0xffff94976b00>, main=<bound method BuildVerb.main of <colcon_core.verb.build.BuildVerb object at 0xffff94976b00>>, mixin_verb=('build',))
[0.276s] Level 1:colcon.colcon_core.package_discovery:discover_packages(colcon_meta) check parameters
[0.276s] Level 1:colcon.colcon_core.package_discovery:discover_packages(recursive) check parameters
[0.277s] Level 1:colcon.colcon_core.package_discovery:discover_packages(ignore) check parameters
[0.277s] Level 1:colcon.colcon_core.package_discovery:discover_packages(path) check parameters
[0.277s] Level 1:colcon.colcon_core.package_discovery:discover_packages(colcon_meta) discover
[0.277s] Level 1:colcon.colcon_core.package_discovery:discover_packages(recursive) discover
[0.277s] INFO:colcon.colcon_core.package_discovery:Crawling recursively for packages in '/home/wise/ws_yolov5'
[0.277s] Level 1:colcon.colcon_core.package_identification:_identify(.) by extensions ['ignore', 'ignore_ament_install']
[0.277s] Level 1:colcon.colcon_core.package_identification:_identify(.) by extension 'ignore'
[0.277s] Level 1:colcon.colcon_core.package_identification:_identify(.) by extension 'ignore_ament_install'
[0.278s] Level 1:colcon.colcon_core.package_identification:_identify(.) by extensions ['colcon_pkg']
[0.278s] Level 1:colcon.colcon_core.package_identification:_identify(.) by extension 'colcon_pkg'
[0.278s] Level 1:colcon.colcon_core.package_identification:_identify(.) by extensions ['colcon_meta']
[0.278s] Level 1:colcon.colcon_core.package_identification:_identify(.) by extension 'colcon_meta'
[0.278s] Level 1:colcon.colcon_core.package_identification:_identify(.) by extensions ['ros']
[0.278s] Level 1:colcon.colcon_core.package_identification:_identify(.) by extension 'ros'
[0.305s] Level 1:colcon.colcon_core.package_identification:_identify(.) by extensions ['cmake', 'python']
[0.305s] Level 1:colcon.colcon_core.package_identification:_identify(.) by extension 'cmake'
[0.305s] Level 1:colcon.colcon_core.package_identification:_identify(.) by extension 'python'
[0.305s] Level 1:colcon.colcon_core.package_identification:_identify(.) by extensions ['python_setup_py']
[0.305s] Level 1:colcon.colcon_core.package_identification:_identify(.) by extension 'python_setup_py'
[0.306s] Level 1:colcon.colcon_core.package_identification:_identify(build) by extensions ['ignore', 'ignore_ament_install']
[0.306s] Level 1:colcon.colcon_core.package_identification:_identify(build) by extension 'ignore'
[0.306s] Level 1:colcon.colcon_core.package_identification:_identify(build) ignored
[0.306s] Level 1:colcon.colcon_core.package_identification:_identify(install) by extensions ['ignore', 'ignore_ament_install']
[0.306s] Level 1:colcon.colcon_core.package_identification:_identify(install) by extension 'ignore'
[0.306s] Level 1:colcon.colcon_core.package_identification:_identify(install) ignored
[0.307s] Level 1:colcon.colcon_core.package_identification:_identify(log) by extensions ['ignore', 'ignore_ament_install']
[0.307s] Level 1:colcon.colcon_core.package_identification:_identify(log) by extension 'ignore'
[0.307s] Level 1:colcon.colcon_core.package_identification:_identify(log) ignored
[0.307s] Level 1:colcon.colcon_core.package_identification:_identify(src) by extensions ['ignore', 'ignore_ament_install']
[0.307s] Level 1:colcon.colcon_core.package_identification:_identify(src) by extension 'ignore'
[0.307s] Level 1:colcon.colcon_core.package_identification:_identify(src) by extension 'ignore_ament_install'
[0.307s] Level 1:colcon.colcon_core.package_identification:_identify(src) by extensions ['colcon_pkg']
[0.307s] Level 1:colcon.colcon_core.package_identification:_identify(src) by extension 'colcon_pkg'
[0.308s] Level 1:colcon.colcon_core.package_identification:_identify(src) by extensions ['colcon_meta']
[0.308s] Level 1:colcon.colcon_core.package_identification:_identify(src) by extension 'colcon_meta'
[0.308s] Level 1:colcon.colcon_core.package_identification:_identify(src) by extensions ['ros']
[0.308s] Level 1:colcon.colcon_core.package_identification:_identify(src) by extension 'ros'
[0.308s] Level 1:colcon.colcon_core.package_identification:_identify(src) by extensions ['cmake', 'python']
[0.308s] Level 1:colcon.colcon_core.package_identification:_identify(src) by extension 'cmake'
[0.308s] Level 1:colcon.colcon_core.package_identification:_identify(src) by extension 'python'
[0.308s] Level 1:colcon.colcon_core.package_identification:_identify(src) by extensions ['python_setup_py']
[0.308s] Level 1:colcon.colcon_core.package_identification:_identify(src) by extension 'python_setup_py'
[0.308s] Level 1:colcon.colcon_core.package_identification:_identify(src/image_publisher) by extensions ['ignore', 'ignore_ament_install']
[0.308s] Level 1:colcon.colcon_core.package_identification:_identify(src/image_publisher) by extension 'ignore'
[0.309s] Level 1:colcon.colcon_core.package_identification:_identify(src/image_publisher) by extension 'ignore_ament_install'
[0.309s] Level 1:colcon.colcon_core.package_identification:_identify(src/image_publisher) by extensions ['colcon_pkg']
[0.309s] Level 1:colcon.colcon_core.package_identification:_identify(src/image_publisher) by extension 'colcon_pkg'
[0.309s] Level 1:colcon.colcon_core.package_identification:_identify(src/image_publisher) by extensions ['colcon_meta']
[0.309s] Level 1:colcon.colcon_core.package_identification:_identify(src/image_publisher) by extension 'colcon_meta'
[0.309s] Level 1:colcon.colcon_core.package_identification:_identify(src/image_publisher) by extensions ['ros']
[0.309s] Level 1:colcon.colcon_core.package_identification:_identify(src/image_publisher) by extension 'ros'
[0.313s] DEBUG:colcon.colcon_core.package_identification:Package 'src/image_publisher' with type 'ros.ament_python' and name 'image_publisher'
[0.313s] Level 1:colcon.colcon_core.package_identification:_identify(src/msgs_bbox) by extensions ['ignore', 'ignore_ament_install']
[0.313s] Level 1:colcon.colcon_core.package_identification:_identify(src/msgs_bbox) by extension 'ignore'
[0.314s] Level 1:colcon.colcon_core.package_identification:_identify(src/msgs_bbox) by extension 'ignore_ament_install'
[0.314s] Level 1:colcon.colcon_core.package_identification:_identify(src/msgs_bbox) by extensions ['colcon_pkg']
[0.314s] Level 1:colcon.colcon_core.package_identification:_identify(src/msgs_bbox) by extension 'colcon_pkg'
[0.314s] Level 1:colcon.colcon_core.package_identification:_identify(src/msgs_bbox) by extensions ['colcon_meta']
[0.314s] Level 1:colcon.colcon_core.package_identification:_identify(src/msgs_bbox) by extension 'colcon_meta'
[0.314s] Level 1:colcon.colcon_core.package_identification:_identify(src/msgs_bbox) by extensions ['ros']
[0.314s] Level 1:colcon.colcon_core.package_identification:_identify(src/msgs_bbox) by extension 'ros'
[0.315s] DEBUG:colcon.colcon_core.package_identification:Package 'src/msgs_bbox' with type 'ros.ament_cmake' and name 'msgs_bbox'
[0.315s] Level 1:colcon.colcon_core.package_identification:_identify(src/yolov5_humble) by extensions ['ignore', 'ignore_ament_install']
[0.315s] Level 1:colcon.colcon_core.package_identification:_identify(src/yolov5_humble) by extension 'ignore'
[0.315s] Level 1:colcon.colcon_core.package_identification:_identify(src/yolov5_humble) by extension 'ignore_ament_install'
[0.316s] Level 1:colcon.colcon_core.package_identification:_identify(src/yolov5_humble) by extensions ['colcon_pkg']
[0.316s] Level 1:colcon.colcon_core.package_identification:_identify(src/yolov5_humble) by extension 'colcon_pkg'
[0.316s] Level 1:colcon.colcon_core.package_identification:_identify(src/yolov5_humble) by extensions ['colcon_meta']
[0.316s] Level 1:colcon.colcon_core.package_identification:_identify(src/yolov5_humble) by extension 'colcon_meta'
[0.316s] Level 1:colcon.colcon_core.package_identification:_identify(src/yolov5_humble) by extensions ['ros']
[0.316s] Level 1:colcon.colcon_core.package_identification:_identify(src/yolov5_humble) by extension 'ros'
[0.317s] DEBUG:colcon.colcon_core.package_identification:Package 'src/yolov5_humble' with type 'ros.ament_python' and name 'yolov5_humble'
[0.317s] Level 1:colcon.colcon_core.package_discovery:discover_packages(recursive) using defaults
[0.317s] Level 1:colcon.colcon_core.package_discovery:discover_packages(ignore) discover
[0.317s] Level 1:colcon.colcon_core.package_discovery:discover_packages(ignore) using defaults
[0.317s] Level 1:colcon.colcon_core.package_discovery:discover_packages(path) discover
[0.317s] Level 1:colcon.colcon_core.package_discovery:discover_packages(path) using defaults
[0.353s] Level 1:colcon.colcon_core.package_discovery:discover_packages(prefix_path) check parameters
[0.353s] Level 1:colcon.colcon_core.package_discovery:discover_packages(prefix_path) discover
[0.358s] DEBUG:colcon.colcon_installed_package_information.package_discovery:Found 271 installed packages in /opt/ros/humble
[0.360s] Level 1:colcon.colcon_core.package_discovery:discover_packages(prefix_path) using defaults
[0.424s] Level 5:colcon.colcon_core.verb:set package 'image_publisher' build argument 'cmake_args' from command line to 'None'
[0.425s] Level 5:colcon.colcon_core.verb:set package 'image_publisher' build argument 'cmake_target' from command line to 'None'
[0.425s] Level 5:colcon.colcon_core.verb:set package 'image_publisher' build argument 'cmake_target_skip_unavailable' from command line to 'False'
[0.425s] Level 5:colcon.colcon_core.verb:set package 'image_publisher' build argument 'cmake_clean_cache' from command line to 'False'
[0.425s] Level 5:colcon.colcon_core.verb:set package 'image_publisher' build argument 'cmake_clean_first' from command line to 'False'
[0.425s] Level 5:colcon.colcon_core.verb:set package 'image_publisher' build argument 'cmake_force_configure' from command line to 'False'
[0.425s] Level 5:colcon.colcon_core.verb:set package 'image_publisher' build argument 'ament_cmake_args' from command line to 'None'
[0.425s] Level 5:colcon.colcon_core.verb:set package 'image_publisher' build argument 'catkin_cmake_args' from command line to 'None'
[0.425s] Level 5:colcon.colcon_core.verb:set package 'image_publisher' build argument 'catkin_skip_building_tests' from command line to 'False'
[0.425s] DEBUG:colcon.colcon_core.verb:Building package 'image_publisher' with the following arguments: {'ament_cmake_args': None, 'build_base': '/home/wise/ws_yolov5/build/image_publisher', 'catkin_cmake_args': None, 'catkin_skip_building_tests': False, 'cmake_args': None, 'cmake_clean_cache': False, 'cmake_clean_first': False, 'cmake_force_configure': False, 'cmake_target': None, 'cmake_target_skip_unavailable': False, 'install_base': '/home/wise/ws_yolov5/install/image_publisher', 'merge_install': False, 'path': '/home/wise/ws_yolov5/src/image_publisher', 'symlink_install': False, 'test_result_base': None}
[0.426s] Level 5:colcon.colcon_core.verb:set package 'msgs_bbox' build argument 'cmake_args' from command line to 'None'
[0.426s] Level 5:colcon.colcon_core.verb:set package 'msgs_bbox' build argument 'cmake_target' from command line to 'None'
[0.426s] Level 5:colcon.colcon_core.verb:set package 'msgs_bbox' build argument 'cmake_target_skip_unavailable' from command line to 'False'
[0.426s] Level 5:colcon.colcon_core.verb:set package 'msgs_bbox' build argument 'cmake_clean_cache' from command line to 'False'
[0.426s] Level 5:colcon.colcon_core.verb:set package 'msgs_bbox' build argument 'cmake_clean_first' from command line to 'False'
[0.426s] Level 5:colcon.colcon_core.verb:set package 'msgs_bbox' build argument 'cmake_force_configure' from command line to 'False'
[0.426s] Level 5:colcon.colcon_core.verb:set package 'msgs_bbox' build argument 'ament_cmake_args' from command line to 'None'
[0.426s] Level 5:colcon.colcon_core.verb:set package 'msgs_bbox' build argument 'catkin_cmake_args' from command line to 'None'
[0.426s] Level 5:colcon.colcon_core.verb:set package 'msgs_bbox' build argument 'catkin_skip_building_tests' from command line to 'False'
[0.426s] DEBUG:colcon.colcon_core.verb:Building package 'msgs_bbox' with the following arguments: {'ament_cmake_args': None, 'build_base': '/home/wise/ws_yolov5/build/msgs_bbox', 'catkin_cmake_args': None, 'catkin_skip_building_tests': False, 'cmake_args': None, 'cmake_clean_cache': False, 'cmake_clean_first': False, 'cmake_force_configure': False, 'cmake_target': None, 'cmake_target_skip_unavailable': False, 'install_base': '/home/wise/ws_yolov5/install/msgs_bbox', 'merge_install': False, 'path': '/home/wise/ws_yolov5/src/msgs_bbox', 'symlink_install': False, 'test_result_base': None}
[0.427s] Level 5:colcon.colcon_core.verb:set package 'yolov5_humble' build argument 'cmake_args' from command line to 'None'
[0.427s] Level 5:colcon.colcon_core.verb:set package 'yolov5_humble' build argument 'cmake_target' from command line to 'None'
[0.427s] Level 5:colcon.colcon_core.verb:set package 'yolov5_humble' build argument 'cmake_target_skip_unavailable' from command line to 'False'
[0.427s] Level 5:colcon.colcon_core.verb:set package 'yolov5_humble' build argument 'cmake_clean_cache' from command line to 'False'
[0.427s] Level 5:colcon.colcon_core.verb:set package 'yolov5_humble' build argument 'cmake_clean_first' from command line to 'False'
[0.427s] Level 5:colcon.colcon_core.verb:set package 'yolov5_humble' build argument 'cmake_force_configure' from command line to 'False'
[0.427s] Level 5:colcon.colcon_core.verb:set package 'yolov5_humble' build argument 'ament_cmake_args' from command line to 'None'
[0.427s] Level 5:colcon.colcon_core.verb:set package 'yolov5_humble' build argument 'catkin_cmake_args' from command line to 'None'
[0.427s] Level 5:colcon.colcon_core.verb:set package 'yolov5_humble' build argument 'catkin_skip_building_tests' from command line to 'False'
[0.427s] DEBUG:colcon.colcon_core.verb:Building package 'yolov5_humble' with the following arguments: {'ament_cmake_args': None, 'build_base': '/home/wise/ws_yolov5/build/yolov5_humble', 'catkin_cmake_args': None, 'catkin_skip_building_tests': False, 'cmake_args': None, 'cmake_clean_cache': False, 'cmake_clean_first': False, 'cmake_force_configure': False, 'cmake_target': None, 'cmake_target_skip_unavailable': False, 'install_base': '/home/wise/ws_yolov5/install/yolov5_humble', 'merge_install': False, 'path': '/home/wise/ws_yolov5/src/yolov5_humble', 'symlink_install': False, 'test_result_base': None}
[0.427s] INFO:colcon.colcon_core.executor:Executing jobs using 'parallel' executor
[0.429s] DEBUG:colcon.colcon_parallel_executor.executor.parallel:run_until_complete
[0.430s] INFO:colcon.colcon_ros.task.ament_cmake.build:Building ROS package in '/home/wise/ws_yolov5/src/msgs_bbox' with build type 'ament_cmake'
[0.430s] INFO:colcon.colcon_cmake.task.cmake.build:Building CMake package in '/home/wise/ws_yolov5/src/msgs_bbox'
[0.434s] INFO:colcon.colcon_core.plugin_system:Skipping extension 'colcon_core.shell.bat': Not used on non-Windows systems
[0.435s] INFO:colcon.colcon_core.shell:Skip shell extension 'powershell' for command environment: Not usable outside of PowerShell
[0.435s] DEBUG:colcon.colcon_core.shell:Skip shell extension 'dsv' for command environment
[0.440s] INFO:colcon.colcon_ros.task.ament_python.build:Building ROS package in '/home/wise/ws_yolov5/src/image_publisher' with build type 'ament_python'
[0.440s] Level 1:colcon.colcon_core.shell:create_environment_hook('image_publisher', 'ament_prefix_path')
[0.441s] INFO:colcon.colcon_core.shell:Creating environment hook '/home/wise/ws_yolov5/install/image_publisher/share/image_publisher/hook/ament_prefix_path.ps1'
[0.442s] INFO:colcon.colcon_core.shell:Creating environment descriptor '/home/wise/ws_yolov5/install/image_publisher/share/image_publisher/hook/ament_prefix_path.dsv'
[0.443s] INFO:colcon.colcon_core.shell:Creating environment hook '/home/wise/ws_yolov5/install/image_publisher/share/image_publisher/hook/ament_prefix_path.sh'
[0.444s] INFO:colcon.colcon_core.shell:Skip shell extension 'powershell' for command environment: Not usable outside of PowerShell
[0.445s] DEBUG:colcon.colcon_core.shell:Skip shell extension 'dsv' for command environment
[0.459s] DEBUG:colcon.colcon_core.event_handler.log_command:Invoking command in '/home/wise/ws_yolov5/build/msgs_bbox': CMAKE_PREFIX_PATH=/opt/ros/humble /usr/bin/cmake --build /home/wise/ws_yolov5/build/msgs_bbox -- -j8 -l8
[0.924s] INFO:colcon.colcon_core.task.python.build:Building Python package in '/home/wise/ws_yolov5/src/image_publisher'
[0.925s] INFO:colcon.colcon_core.shell:Skip shell extension 'powershell' for command environment: Not usable outside of PowerShell
[0.925s] DEBUG:colcon.colcon_core.shell:Skip shell extension 'dsv' for command environment
[1.216s] DEBUG:colcon.colcon_core.event_handler.log_command:Invoked command in '/home/wise/ws_yolov5/build/msgs_bbox' returned '0': CMAKE_PREFIX_PATH=/opt/ros/humble /usr/bin/cmake --build /home/wise/ws_yolov5/build/msgs_bbox -- -j8 -l8
[1.234s] DEBUG:colcon.colcon_core.event_handler.log_command:Invoking command in '/home/wise/ws_yolov5/build/msgs_bbox': CMAKE_PREFIX_PATH=/opt/ros/humble /usr/bin/cmake --install /home/wise/ws_yolov5/build/msgs_bbox
[1.336s] Level 1:colcon.colcon_core.environment:create_environment_scripts_only(msgs_bbox)
[1.345s] DEBUG:colcon.colcon_core.event_handler.log_command:Invoked command in '/home/wise/ws_yolov5/build/msgs_bbox' returned '0': CMAKE_PREFIX_PATH=/opt/ros/humble /usr/bin/cmake --install /home/wise/ws_yolov5/build/msgs_bbox
[1.350s] Level 1:colcon.colcon_core.environment:checking '/home/wise/ws_yolov5/install/msgs_bbox' for CMake module files
[1.352s] Level 1:colcon.colcon_core.environment:checking '/home/wise/ws_yolov5/install/msgs_bbox' for CMake config files
[1.355s] Level 1:colcon.colcon_core.shell:create_environment_hook('msgs_bbox', 'cmake_prefix_path')
[1.355s] INFO:colcon.colcon_core.shell:Creating environment hook '/home/wise/ws_yolov5/install/msgs_bbox/share/msgs_bbox/hook/cmake_prefix_path.ps1'
[1.357s] INFO:colcon.colcon_core.shell:Creating environment descriptor '/home/wise/ws_yolov5/install/msgs_bbox/share/msgs_bbox/hook/cmake_prefix_path.dsv'
[1.359s] INFO:colcon.colcon_core.shell:Creating environment hook '/home/wise/ws_yolov5/install/msgs_bbox/share/msgs_bbox/hook/cmake_prefix_path.sh'
[1.361s] Level 1:colcon.colcon_core.environment:checking '/home/wise/ws_yolov5/install/msgs_bbox/lib'
[1.362s] Level 1:colcon.colcon_core.shell:create_environment_hook('msgs_bbox', 'ld_library_path_lib')
[1.363s] INFO:colcon.colcon_core.shell:Creating environment hook '/home/wise/ws_yolov5/install/msgs_bbox/share/msgs_bbox/hook/ld_library_path_lib.ps1'
[1.364s] INFO:colcon.colcon_core.shell:Creating environment descriptor '/home/wise/ws_yolov5/install/msgs_bbox/share/msgs_bbox/hook/ld_library_path_lib.dsv'
[1.366s] INFO:colcon.colcon_core.shell:Creating environment hook '/home/wise/ws_yolov5/install/msgs_bbox/share/msgs_bbox/hook/ld_library_path_lib.sh'
[1.368s] Level 1:colcon.colcon_core.environment:checking '/home/wise/ws_yolov5/install/msgs_bbox/bin'
[1.368s] Level 1:colcon.colcon_core.environment:checking '/home/wise/ws_yolov5/install/msgs_bbox/lib/pkgconfig/msgs_bbox.pc'
[1.369s] Level 1:colcon.colcon_core.environment:checking '/home/wise/ws_yolov5/install/msgs_bbox/lib/python3.10/site-packages'
[1.370s] Level 1:colcon.colcon_core.environment:checking '/home/wise/ws_yolov5/install/msgs_bbox/bin'
[1.371s] INFO:colcon.colcon_core.shell:Creating package script '/home/wise/ws_yolov5/install/msgs_bbox/share/msgs_bbox/package.ps1'
[1.374s] INFO:colcon.colcon_core.shell:Creating package descriptor '/home/wise/ws_yolov5/install/msgs_bbox/share/msgs_bbox/package.dsv'
[1.376s] INFO:colcon.colcon_core.shell:Creating package script '/home/wise/ws_yolov5/install/msgs_bbox/share/msgs_bbox/package.sh'
[1.379s] INFO:colcon.colcon_core.shell:Creating package script '/home/wise/ws_yolov5/install/msgs_bbox/share/msgs_bbox/package.bash'
[1.382s] INFO:colcon.colcon_core.shell:Creating package script '/home/wise/ws_yolov5/install/msgs_bbox/share/msgs_bbox/package.zsh'
[1.384s] Level 1:colcon.colcon_core.environment:create_file_with_runtime_dependencies(/home/wise/ws_yolov5/install/msgs_bbox/share/colcon-core/packages/msgs_bbox)
[1.387s] Level 1:colcon.colcon_core.environment:create_environment_scripts_only(msgs_bbox)
[1.388s] Level 1:colcon.colcon_core.environment:checking '/home/wise/ws_yolov5/install/msgs_bbox' for CMake module files
[1.390s] Level 1:colcon.colcon_core.environment:checking '/home/wise/ws_yolov5/install/msgs_bbox' for CMake config files
[1.392s] Level 1:colcon.colcon_core.shell:create_environment_hook('msgs_bbox', 'cmake_prefix_path')
[1.392s] INFO:colcon.colcon_core.shell:Creating environment hook '/home/wise/ws_yolov5/install/msgs_bbox/share/msgs_bbox/hook/cmake_prefix_path.ps1'
[1.394s] INFO:colcon.colcon_core.shell:Creating environment descriptor '/home/wise/ws_yolov5/install/msgs_bbox/share/msgs_bbox/hook/cmake_prefix_path.dsv'
[1.395s] INFO:colcon.colcon_core.shell:Creating environment hook '/home/wise/ws_yolov5/install/msgs_bbox/share/msgs_bbox/hook/cmake_prefix_path.sh'
[1.396s] Level 1:colcon.colcon_core.environment:checking '/home/wise/ws_yolov5/install/msgs_bbox/lib'
[1.396s] Level 1:colcon.colcon_core.shell:create_environment_hook('msgs_bbox', 'ld_library_path_lib')
[1.397s] INFO:colcon.colcon_core.shell:Creating environment hook '/home/wise/ws_yolov5/install/msgs_bbox/share/msgs_bbox/hook/ld_library_path_lib.ps1'
[1.398s] INFO:colcon.colcon_core.shell:Creating environment descriptor '/home/wise/ws_yolov5/install/msgs_bbox/share/msgs_bbox/hook/ld_library_path_lib.dsv'
[1.399s] INFO:colcon.colcon_core.shell:Creating environment hook '/home/wise/ws_yolov5/install/msgs_bbox/share/msgs_bbox/hook/ld_library_path_lib.sh'
[1.400s] Level 1:colcon.colcon_core.environment:checking '/home/wise/ws_yolov5/install/msgs_bbox/bin'
[1.400s] Level 1:colcon.colcon_core.environment:checking '/home/wise/ws_yolov5/install/msgs_bbox/lib/pkgconfig/msgs_bbox.pc'
[1.401s] Level 1:colcon.colcon_core.environment:checking '/home/wise/ws_yolov5/install/msgs_bbox/lib/python3.10/site-packages'
[1.402s] Level 1:colcon.colcon_core.environment:checking '/home/wise/ws_yolov5/install/msgs_bbox/bin'
[1.403s] INFO:colcon.colcon_core.shell:Creating package script '/home/wise/ws_yolov5/install/msgs_bbox/share/msgs_bbox/package.ps1'
[1.404s] INFO:colcon.colcon_core.shell:Creating package descriptor '/home/wise/ws_yolov5/install/msgs_bbox/share/msgs_bbox/package.dsv'
[1.405s] INFO:colcon.colcon_core.shell:Creating package script '/home/wise/ws_yolov5/install/msgs_bbox/share/msgs_bbox/package.sh'
[1.407s] INFO:colcon.colcon_core.shell:Creating package script '/home/wise/ws_yolov5/install/msgs_bbox/share/msgs_bbox/package.bash'
[1.408s] INFO:colcon.colcon_core.shell:Creating package script '/home/wise/ws_yolov5/install/msgs_bbox/share/msgs_bbox/package.zsh'
[1.409s] Level 1:colcon.colcon_core.environment:create_file_with_runtime_dependencies(/home/wise/ws_yolov5/install/msgs_bbox/share/colcon-core/packages/msgs_bbox)
[1.410s] INFO:colcon.colcon_ros.task.ament_python.build:Building ROS package in '/home/wise/ws_yolov5/src/yolov5_humble' with build type 'ament_python'
[1.410s] Level 1:colcon.colcon_core.shell:create_environment_hook('yolov5_humble', 'ament_prefix_path')
[1.411s] INFO:colcon.colcon_core.shell:Creating environment hook '/home/wise/ws_yolov5/install/yolov5_humble/share/yolov5_humble/hook/ament_prefix_path.ps1'
[1.413s] INFO:colcon.colcon_core.shell:Creating environment descriptor '/home/wise/ws_yolov5/install/yolov5_humble/share/yolov5_humble/hook/ament_prefix_path.dsv'
[1.414s] INFO:colcon.colcon_core.shell:Creating environment hook '/home/wise/ws_yolov5/install/yolov5_humble/share/yolov5_humble/hook/ament_prefix_path.sh'
[1.416s] INFO:colcon.colcon_core.shell:Skip shell extension 'powershell' for command environment: Not usable outside of PowerShell
[1.416s] DEBUG:colcon.colcon_core.shell:Skip shell extension 'dsv' for command environment
[1.858s] INFO:colcon.colcon_core.task.python.build:Building Python package in '/home/wise/ws_yolov5/src/yolov5_humble'
[1.859s] INFO:colcon.colcon_core.shell:Skip shell extension 'powershell' for command environment: Not usable outside of PowerShell
[1.859s] DEBUG:colcon.colcon_core.shell:Skip shell extension 'dsv' for command environment
[2.067s] DEBUG:colcon.colcon_core.event_handler.log_command:Invoking command in '/home/wise/ws_yolov5/src/image_publisher': PYTHONPATH=/home/wise/ws_yolov5/build/image_publisher/prefix_override:/usr/lib/python3/dist-packages/colcon_core/task/python/colcon_distutils_commands:/home/wise/ws_yolov5/install/image_publisher/lib/python3.10/site-packages:${PYTHONPATH} /usr/bin/python3 -W ignore:setup.py install is deprecated -W ignore:easy_install command is deprecated setup.py egg_info --egg-base ../../build/image_publisher build --build-base /home/wise/ws_yolov5/build/image_publisher/build install --record /home/wise/ws_yolov5/build/image_publisher/install.log --single-version-externally-managed install_data
[2.996s] DEBUG:colcon.colcon_core.event_handler.log_command:Invoking command in '/home/wise/ws_yolov5/src/yolov5_humble': AMENT_PREFIX_PATH=/home/wise/ws_yolov5/install/msgs_bbox:${AMENT_PREFIX_PATH} CMAKE_PREFIX_PATH=/home/wise/ws_yolov5/install/msgs_bbox LD_LIBRARY_PATH=/home/wise/ws_yolov5/install/msgs_bbox/lib:/usr/local/cuda-12.0/extras/CUPTI/lib64:/usr/lib/aarch64-linux-gnu:/opt/ros/humble/opt/rviz_ogre_vendor/lib:/opt/ros/humble/lib/aarch64-linux-gnu:/opt/ros/humble/lib:/usr/local/cuda-12.0/lib64 PYTHONPATH=/home/wise/ws_yolov5/build/yolov5_humble/prefix_override:/usr/lib/python3/dist-packages/colcon_core/task/python/colcon_distutils_commands:/home/wise/ws_yolov5/install/yolov5_humble/lib/python3.10/site-packages:/home/wise/ws_yolov5/install/msgs_bbox/local/lib/python3.10/dist-packages:${PYTHONPATH} /usr/bin/python3 -W ignore:setup.py install is deprecated -W ignore:easy_install command is deprecated setup.py egg_info --egg-base ../../build/yolov5_humble build --build-base /home/wise/ws_yolov5/build/yolov5_humble/build install --record /home/wise/ws_yolov5/build/yolov5_humble/install.log --single-version-externally-managed install_data
[3.188s] Level 1:colcon.colcon_core.environment:checking '/home/wise/ws_yolov5/install/image_publisher' for CMake module files
[3.189s] DEBUG:colcon.colcon_core.event_handler.log_command:Invoked command in '/home/wise/ws_yolov5/src/image_publisher' returned '0': PYTHONPATH=/home/wise/ws_yolov5/build/image_publisher/prefix_override:/usr/lib/python3/dist-packages/colcon_core/task/python/colcon_distutils_commands:/home/wise/ws_yolov5/install/image_publisher/lib/python3.10/site-packages:${PYTHONPATH} /usr/bin/python3 -W ignore:setup.py install is deprecated -W ignore:easy_install command is deprecated setup.py egg_info --egg-base ../../build/image_publisher build --build-base /home/wise/ws_yolov5/build/image_publisher/build install --record /home/wise/ws_yolov5/build/image_publisher/install.log --single-version-externally-managed install_data
[3.189s] Level 1:colcon.colcon_core.environment:checking '/home/wise/ws_yolov5/install/image_publisher' for CMake config files
[3.191s] Level 1:colcon.colcon_core.environment:checking '/home/wise/ws_yolov5/install/image_publisher/lib'
[3.191s] Level 1:colcon.colcon_core.environment:checking '/home/wise/ws_yolov5/install/image_publisher/bin'
[3.191s] Level 1:colcon.colcon_core.environment:checking '/home/wise/ws_yolov5/install/image_publisher/lib/pkgconfig/image_publisher.pc'
[3.191s] Level 1:colcon.colcon_core.environment:checking '/home/wise/ws_yolov5/install/image_publisher/lib/python3.10/site-packages'
[3.191s] Level 1:colcon.colcon_core.shell:create_environment_hook('image_publisher', 'pythonpath')
[3.192s] INFO:colcon.colcon_core.shell:Creating environment hook '/home/wise/ws_yolov5/install/image_publisher/share/image_publisher/hook/pythonpath.ps1'
[3.193s] INFO:colcon.colcon_core.shell:Creating environment descriptor '/home/wise/ws_yolov5/install/image_publisher/share/image_publisher/hook/pythonpath.dsv'
[3.194s] INFO:colcon.colcon_core.shell:Creating environment hook '/home/wise/ws_yolov5/install/image_publisher/share/image_publisher/hook/pythonpath.sh'
[3.195s] Level 1:colcon.colcon_core.environment:checking '/home/wise/ws_yolov5/install/image_publisher/bin'
[3.195s] Level 1:colcon.colcon_core.environment:create_environment_scripts_only(image_publisher)
[3.195s] INFO:colcon.colcon_core.shell:Creating package script '/home/wise/ws_yolov5/install/image_publisher/share/image_publisher/package.ps1'
[3.196s] INFO:colcon.colcon_core.shell:Creating package descriptor '/home/wise/ws_yolov5/install/image_publisher/share/image_publisher/package.dsv'
[3.197s] INFO:colcon.colcon_core.shell:Creating package script '/home/wise/ws_yolov5/install/image_publisher/share/image_publisher/package.sh'
[3.198s] INFO:colcon.colcon_core.shell:Creating package script '/home/wise/ws_yolov5/install/image_publisher/share/image_publisher/package.bash'
[3.199s] INFO:colcon.colcon_core.shell:Creating package script '/home/wise/ws_yolov5/install/image_publisher/share/image_publisher/package.zsh'
[3.200s] Level 1:colcon.colcon_core.environment:create_file_with_runtime_dependencies(/home/wise/ws_yolov5/install/image_publisher/share/colcon-core/packages/image_publisher)
[4.060s] Level 1:colcon.colcon_core.environment:checking '/home/wise/ws_yolov5/install/yolov5_humble' for CMake module files
[4.062s] DEBUG:colcon.colcon_core.event_handler.log_command:Invoked command in '/home/wise/ws_yolov5/src/yolov5_humble' returned '0': AMENT_PREFIX_PATH=/home/wise/ws_yolov5/install/msgs_bbox:${AMENT_PREFIX_PATH} CMAKE_PREFIX_PATH=/home/wise/ws_yolov5/install/msgs_bbox LD_LIBRARY_PATH=/home/wise/ws_yolov5/install/msgs_bbox/lib:/usr/local/cuda-12.0/extras/CUPTI/lib64:/usr/lib/aarch64-linux-gnu:/opt/ros/humble/opt/rviz_ogre_vendor/lib:/opt/ros/humble/lib/aarch64-linux-gnu:/opt/ros/humble/lib:/usr/local/cuda-12.0/lib64 PYTHONPATH=/home/wise/ws_yolov5/build/yolov5_humble/prefix_override:/usr/lib/python3/dist-packages/colcon_core/task/python/colcon_distutils_commands:/home/wise/ws_yolov5/install/yolov5_humble/lib/python3.10/site-packages:/home/wise/ws_yolov5/install/msgs_bbox/local/lib/python3.10/dist-packages:${PYTHONPATH} /usr/bin/python3 -W ignore:setup.py install is deprecated -W ignore:easy_install command is deprecated setup.py egg_info --egg-base ../../build/yolov5_humble build --build-base /home/wise/ws_yolov5/build/yolov5_humble/build install --record /home/wise/ws_yolov5/build/yolov5_humble/install.log --single-version-externally-managed install_data
[4.063s] Level 1:colcon.colcon_core.environment:checking '/home/wise/ws_yolov5/install/yolov5_humble' for CMake config files
[4.065s] Level 1:colcon.colcon_core.environment:checking '/home/wise/ws_yolov5/install/yolov5_humble/lib'
[4.065s] Level 1:colcon.colcon_core.environment:checking '/home/wise/ws_yolov5/install/yolov5_humble/bin'
[4.065s] Level 1:colcon.colcon_core.environment:checking '/home/wise/ws_yolov5/install/yolov5_humble/lib/pkgconfig/yolov5_humble.pc'
[4.066s] Level 1:colcon.colcon_core.environment:checking '/home/wise/ws_yolov5/install/yolov5_humble/lib/python3.10/site-packages'
[4.067s] Level 1:colcon.colcon_core.shell:create_environment_hook('yolov5_humble', 'pythonpath')
[4.067s] INFO:colcon.colcon_core.shell:Creating environment hook '/home/wise/ws_yolov5/install/yolov5_humble/share/yolov5_humble/hook/pythonpath.ps1'
[4.070s] INFO:colcon.colcon_core.shell:Creating environment descriptor '/home/wise/ws_yolov5/install/yolov5_humble/share/yolov5_humble/hook/pythonpath.dsv'
[4.071s] INFO:colcon.colcon_core.shell:Creating environment hook '/home/wise/ws_yolov5/install/yolov5_humble/share/yolov5_humble/hook/pythonpath.sh'
[4.073s] Level 1:colcon.colcon_core.environment:checking '/home/wise/ws_yolov5/install/yolov5_humble/bin'
[4.074s] Level 1:colcon.colcon_core.environment:create_environment_scripts_only(yolov5_humble)
[4.075s] INFO:colcon.colcon_core.shell:Creating package script '/home/wise/ws_yolov5/install/yolov5_humble/share/yolov5_humble/package.ps1'
[4.077s] INFO:colcon.colcon_core.shell:Creating package descriptor '/home/wise/ws_yolov5/install/yolov5_humble/share/yolov5_humble/package.dsv'
[4.079s] INFO:colcon.colcon_core.shell:Creating package script '/home/wise/ws_yolov5/install/yolov5_humble/share/yolov5_humble/package.sh'
[4.080s] INFO:colcon.colcon_core.shell:Creating package script '/home/wise/ws_yolov5/install/yolov5_humble/share/yolov5_humble/package.bash'
[4.082s] INFO:colcon.colcon_core.shell:Creating package script '/home/wise/ws_yolov5/install/yolov5_humble/share/yolov5_humble/package.zsh'
[4.083s] Level 1:colcon.colcon_core.environment:create_file_with_runtime_dependencies(/home/wise/ws_yolov5/install/yolov5_humble/share/colcon-core/packages/yolov5_humble)
[4.084s] DEBUG:colcon.colcon_parallel_executor.executor.parallel:closing loop
[4.085s] DEBUG:colcon.colcon_parallel_executor.executor.parallel:loop closed
[4.086s] DEBUG:colcon.colcon_parallel_executor.executor.parallel:run_until_complete finished with '0'
[4.086s] DEBUG:colcon.colcon_core.event_reactor:joining thread
[4.106s] INFO:colcon.colcon_core.plugin_system:Skipping extension 'colcon_notification.desktop_notification.terminal_notifier': Not used on non-Darwin systems
[4.106s] INFO:colcon.colcon_core.plugin_system:Skipping extension 'colcon_notification.desktop_notification.win32': Not used on non-Windows systems
[4.107s] INFO:colcon.colcon_notification.desktop_notification:Sending desktop notification using 'notify2'
[4.147s] DEBUG:colcon.colcon_core.event_reactor:joined thread
[4.149s] INFO:colcon.colcon_core.shell:Creating prefix script '/home/wise/ws_yolov5/install/local_setup.ps1'
[4.153s] INFO:colcon.colcon_core.shell:Creating prefix util module '/home/wise/ws_yolov5/install/_local_setup_util_ps1.py'
[4.159s] INFO:colcon.colcon_core.shell:Creating prefix chain script '/home/wise/ws_yolov5/install/setup.ps1'
[4.162s] INFO:colcon.colcon_core.shell:Creating prefix script '/home/wise/ws_yolov5/install/local_setup.sh'
[4.164s] INFO:colcon.colcon_core.shell:Creating prefix util module '/home/wise/ws_yolov5/install/_local_setup_util_sh.py'
[4.167s] INFO:colcon.colcon_core.shell:Creating prefix chain script '/home/wise/ws_yolov5/install/setup.sh'
[4.170s] INFO:colcon.colcon_core.shell:Creating prefix script '/home/wise/ws_yolov5/install/local_setup.bash'
[4.172s] INFO:colcon.colcon_core.shell:Creating prefix chain script '/home/wise/ws_yolov5/install/setup.bash'
[4.175s] INFO:colcon.colcon_core.shell:Creating prefix script '/home/wise/ws_yolov5/install/local_setup.zsh'
[4.177s] INFO:colcon.colcon_core.shell:Creating prefix chain script '/home/wise/ws_yolov5/install/setup.zsh'
