[0.039s] Invoking command in '/home/wise/ws_yolov5/build/msgs_bbox': CMAKE_PREFIX_PATH=/opt/ros/humble /usr/bin/cmake --build /home/wise/ws_yolov5/build/msgs_bbox -- -j8 -l8
[0.186s] [35m[1mConsolidate compiler generated dependencies of target msgs_bbox__rosidl_generator_c[0m
[0.196s] [  2%] Built target msgs_bbox__cpp
[0.226s] [  5%] Built target ament_cmake_python_copy_msgs_bbox
[0.227s] [ 12%] Built target msgs_bbox__rosidl_generator_c
[0.227s] [35m[1mConsolidate compiler generated dependencies of target msgs_bbox__rosidl_typesupport_cpp[0m
[0.227s] [35m[1mConsolidate compiler generated dependencies of target msgs_bbox__rosidl_typesupport_introspection_cpp[0m
[0.227s] [35m[1mConsolidate compiler generated dependencies of target msgs_bbox__rosidl_typesupport_fastrtps_cpp[0m
[0.258s] [35m[1mConsolidate compiler generated dependencies of target msgs_bbox__rosidl_typesupport_fastrtps_c[0m
[0.258s] [35m[1mConsolidate compiler generated dependencies of target msgs_bbox__rosidl_typesupport_c[0m
[0.258s] [35m[1mConsolidate compiler generated dependencies of target msgs_bbox__rosidl_typesupport_introspection_c[0m
[0.262s] [ 41%] Built target msgs_bbox__rosidl_typesupport_introspection_cpp
[0.263s] [ 43%] Built target msgs_bbox__rosidl_typesupport_fastrtps_cpp
[0.263s] [ 43%] Built target msgs_bbox__rosidl_typesupport_cpp
[0.279s] [ 64%] Built target msgs_bbox__rosidl_typesupport_introspection_c
[0.279s] [ 64%] Built target msgs_bbox__rosidl_typesupport_c
[0.283s] [ 74%] Built target msgs_bbox__rosidl_typesupport_fastrtps_c
[0.318s] [ 74%] Built target msgs_bbox
[0.356s] [ 76%] Built target msgs_bbox__py
[0.378s] [35m[1mConsolidate compiler generated dependencies of target msgs_bbox__rosidl_generator_py[0m
[0.417s] [ 84%] Built target msgs_bbox__rosidl_generator_py
[0.439s] [35m[1mConsolidate compiler generated dependencies of target msgs_bbox__rosidl_typesupport_introspection_c__pyext[0m
[0.439s] [35m[1mConsolidate compiler generated dependencies of target msgs_bbox__rosidl_typesupport_c__pyext[0m
[0.439s] [35m[1mConsolidate compiler generated dependencies of target msgs_bbox__rosidl_typesupport_fastrtps_c__pyext[0m
[0.461s] [100%] Built target msgs_bbox__rosidl_typesupport_introspection_c__pyext
[0.461s] [100%] Built target msgs_bbox__rosidl_typesupport_c__pyext
[0.461s] [100%] Built target msgs_bbox__rosidl_typesupport_fastrtps_c__pyext
[0.686s] running egg_info
[0.727s] writing msgs_bbox.egg-info/PKG-INFO
[0.728s] writing dependency_links to msgs_bbox.egg-info/dependency_links.txt
[0.729s] writing top-level names to msgs_bbox.egg-info/top_level.txt
[0.839s] reading manifest file 'msgs_bbox.egg-info/SOURCES.txt'
[0.843s] writing manifest file 'msgs_bbox.egg-info/SOURCES.txt'
[0.909s] [100%] Built target ament_cmake_python_build_msgs_bbox_egg
[0.932s] Invoked command in '/home/wise/ws_yolov5/build/msgs_bbox' returned '0': CMAKE_PREFIX_PATH=/opt/ros/humble /usr/bin/cmake --build /home/wise/ws_yolov5/build/msgs_bbox -- -j8 -l8
[0.959s] Invoking command in '/home/wise/ws_yolov5/build/msgs_bbox': CMAKE_PREFIX_PATH=/opt/ros/humble /usr/bin/cmake --install /home/wise/ws_yolov5/build/msgs_bbox
[0.978s] -- Install configuration: ""
[0.978s] -- Up-to-date: /home/wise/ws_yolov5/install/msgs_bbox/share/ament_index/resource_index/rosidl_interfaces/msgs_bbox
[0.979s] -- Up-to-date: /home/wise/ws_yolov5/install/msgs_bbox/include/msgs_bbox/msgs_bbox
[0.979s] -- Up-to-date: /home/wise/ws_yolov5/install/msgs_bbox/include/msgs_bbox/msgs_bbox/msg
[0.980s] -- Up-to-date: /home/wise/ws_yolov5/install/msgs_bbox/include/msgs_bbox/msgs_bbox/msg/b_boxes.h
[0.980s] -- Up-to-date: /home/wise/ws_yolov5/install/msgs_bbox/include/msgs_bbox/msgs_bbox/msg/b_box.h
[0.980s] -- Up-to-date: /home/wise/ws_yolov5/install/msgs_bbox/include/msgs_bbox/msgs_bbox/msg/detail
[0.980s] -- Up-to-date: /home/wise/ws_yolov5/install/msgs_bbox/include/msgs_bbox/msgs_bbox/msg/detail/b_box__struct.h
[0.980s] -- Up-to-date: /home/wise/ws_yolov5/install/msgs_bbox/include/msgs_bbox/msgs_bbox/msg/detail/b_boxes__functions.h
[0.980s] -- Up-to-date: /home/wise/ws_yolov5/install/msgs_bbox/include/msgs_bbox/msgs_bbox/msg/detail/b_boxes__type_support.h
[0.981s] -- Up-to-date: /home/wise/ws_yolov5/install/msgs_bbox/include/msgs_bbox/msgs_bbox/msg/detail/b_box__functions.c
[0.981s] -- Up-to-date: /home/wise/ws_yolov5/install/msgs_bbox/include/msgs_bbox/msgs_bbox/msg/detail/b_boxes__struct.h
[0.981s] -- Up-to-date: /home/wise/ws_yolov5/install/msgs_bbox/include/msgs_bbox/msgs_bbox/msg/detail/b_boxes__functions.c
[0.981s] -- Up-to-date: /home/wise/ws_yolov5/install/msgs_bbox/include/msgs_bbox/msgs_bbox/msg/detail/b_box__type_support.h
[0.981s] -- Up-to-date: /home/wise/ws_yolov5/install/msgs_bbox/include/msgs_bbox/msgs_bbox/msg/detail/b_box__functions.h
[0.981s] -- Up-to-date: /home/wise/ws_yolov5/install/msgs_bbox/include/msgs_bbox/msgs_bbox/msg/rosidl_generator_c__visibility_control.h
[0.981s] -- Up-to-date: /home/wise/ws_yolov5/install/msgs_bbox/share/msgs_bbox/environment/library_path.sh
[0.982s] -- Up-to-date: /home/wise/ws_yolov5/install/msgs_bbox/share/msgs_bbox/environment/library_path.dsv
[0.982s] -- Up-to-date: /home/wise/ws_yolov5/install/msgs_bbox/lib/libmsgs_bbox__rosidl_generator_c.so
[0.982s] -- Up-to-date: /home/wise/ws_yolov5/install/msgs_bbox/include/msgs_bbox/msgs_bbox
[0.982s] -- Up-to-date: /home/wise/ws_yolov5/install/msgs_bbox/include/msgs_bbox/msgs_bbox/msg
[0.982s] -- Up-to-date: /home/wise/ws_yolov5/install/msgs_bbox/include/msgs_bbox/msgs_bbox/msg/detail
[0.982s] -- Up-to-date: /home/wise/ws_yolov5/install/msgs_bbox/include/msgs_bbox/msgs_bbox/msg/detail/b_boxes__rosidl_typesupport_fastrtps_c.h
[0.982s] -- Up-to-date: /home/wise/ws_yolov5/install/msgs_bbox/include/msgs_bbox/msgs_bbox/msg/detail/b_box__rosidl_typesupport_fastrtps_c.h
[0.983s] -- Up-to-date: /home/wise/ws_yolov5/install/msgs_bbox/include/msgs_bbox/msgs_bbox/msg/rosidl_typesupport_fastrtps_c__visibility_control.h
[0.983s] -- Up-to-date: /home/wise/ws_yolov5/install/msgs_bbox/lib/libmsgs_bbox__rosidl_typesupport_fastrtps_c.so
[0.983s] -- Up-to-date: /home/wise/ws_yolov5/install/msgs_bbox/include/msgs_bbox/msgs_bbox
[0.983s] -- Up-to-date: /home/wise/ws_yolov5/install/msgs_bbox/include/msgs_bbox/msgs_bbox/msg
[0.983s] -- Up-to-date: /home/wise/ws_yolov5/install/msgs_bbox/include/msgs_bbox/msgs_bbox/msg/detail
[0.983s] -- Up-to-date: /home/wise/ws_yolov5/install/msgs_bbox/include/msgs_bbox/msgs_bbox/msg/detail/b_boxes__rosidl_typesupport_introspection_c.h
[0.983s] -- Up-to-date: /home/wise/ws_yolov5/install/msgs_bbox/include/msgs_bbox/msgs_bbox/msg/detail/b_box__type_support.c
[0.983s] -- Up-to-date: /home/wise/ws_yolov5/install/msgs_bbox/include/msgs_bbox/msgs_bbox/msg/detail/b_boxes__type_support.c
[0.984s] -- Up-to-date: /home/wise/ws_yolov5/install/msgs_bbox/include/msgs_bbox/msgs_bbox/msg/detail/b_box__rosidl_typesupport_introspection_c.h
[0.984s] -- Up-to-date: /home/wise/ws_yolov5/install/msgs_bbox/include/msgs_bbox/msgs_bbox/msg/rosidl_typesupport_introspection_c__visibility_control.h
[0.984s] -- Up-to-date: /home/wise/ws_yolov5/install/msgs_bbox/lib/libmsgs_bbox__rosidl_typesupport_introspection_c.so
[0.984s] -- Up-to-date: /home/wise/ws_yolov5/install/msgs_bbox/lib/libmsgs_bbox__rosidl_typesupport_c.so
[0.984s] -- Up-to-date: /home/wise/ws_yolov5/install/msgs_bbox/include/msgs_bbox/msgs_bbox
[0.984s] -- Up-to-date: /home/wise/ws_yolov5/install/msgs_bbox/include/msgs_bbox/msgs_bbox/msg
[0.984s] -- Up-to-date: /home/wise/ws_yolov5/install/msgs_bbox/include/msgs_bbox/msgs_bbox/msg/b_boxes.hpp
[0.985s] -- Up-to-date: /home/wise/ws_yolov5/install/msgs_bbox/include/msgs_bbox/msgs_bbox/msg/b_box.hpp
[0.985s] -- Up-to-date: /home/wise/ws_yolov5/install/msgs_bbox/include/msgs_bbox/msgs_bbox/msg/detail
[0.985s] -- Up-to-date: /home/wise/ws_yolov5/install/msgs_bbox/include/msgs_bbox/msgs_bbox/msg/detail/b_boxes__builder.hpp
[0.985s] -- Up-to-date: /home/wise/ws_yolov5/install/msgs_bbox/include/msgs_bbox/msgs_bbox/msg/detail/b_boxes__traits.hpp
[0.985s] -- Up-to-date: /home/wise/ws_yolov5/install/msgs_bbox/include/msgs_bbox/msgs_bbox/msg/detail/b_box__traits.hpp
[0.985s] -- Up-to-date: /home/wise/ws_yolov5/install/msgs_bbox/include/msgs_bbox/msgs_bbox/msg/detail/b_box__struct.hpp
[0.985s] -- Up-to-date: /home/wise/ws_yolov5/install/msgs_bbox/include/msgs_bbox/msgs_bbox/msg/detail/b_box__builder.hpp
[0.985s] -- Up-to-date: /home/wise/ws_yolov5/install/msgs_bbox/include/msgs_bbox/msgs_bbox/msg/detail/b_boxes__struct.hpp
[0.986s] -- Up-to-date: /home/wise/ws_yolov5/install/msgs_bbox/include/msgs_bbox/msgs_bbox
[0.986s] -- Up-to-date: /home/wise/ws_yolov5/install/msgs_bbox/include/msgs_bbox/msgs_bbox/msg
[0.986s] -- Up-to-date: /home/wise/ws_yolov5/install/msgs_bbox/include/msgs_bbox/msgs_bbox/msg/rosidl_typesupport_fastrtps_cpp__visibility_control.h
[0.987s] -- Up-to-date: /home/wise/ws_yolov5/install/msgs_bbox/include/msgs_bbox/msgs_bbox/msg/detail
[0.987s] -- Up-to-date: /home/wise/ws_yolov5/install/msgs_bbox/include/msgs_bbox/msgs_bbox/msg/detail/b_boxes__rosidl_typesupport_fastrtps_cpp.hpp
[0.987s] -- Up-to-date: /home/wise/ws_yolov5/install/msgs_bbox/include/msgs_bbox/msgs_bbox/msg/detail/b_box__rosidl_typesupport_fastrtps_cpp.hpp
[0.987s] -- Up-to-date: /home/wise/ws_yolov5/install/msgs_bbox/include/msgs_bbox/msgs_bbox/msg/detail/dds_fastrtps
[0.987s] -- Up-to-date: /home/wise/ws_yolov5/install/msgs_bbox/lib/libmsgs_bbox__rosidl_typesupport_fastrtps_cpp.so
[0.987s] -- Up-to-date: /home/wise/ws_yolov5/install/msgs_bbox/include/msgs_bbox/msgs_bbox
[0.988s] -- Up-to-date: /home/wise/ws_yolov5/install/msgs_bbox/include/msgs_bbox/msgs_bbox/msg
[0.988s] -- Up-to-date: /home/wise/ws_yolov5/install/msgs_bbox/include/msgs_bbox/msgs_bbox/msg/detail
[0.988s] -- Up-to-date: /home/wise/ws_yolov5/install/msgs_bbox/include/msgs_bbox/msgs_bbox/msg/detail/b_boxes__rosidl_typesupport_introspection_cpp.hpp
[0.988s] -- Up-to-date: /home/wise/ws_yolov5/install/msgs_bbox/include/msgs_bbox/msgs_bbox/msg/detail/b_box__type_support.cpp
[0.988s] -- Up-to-date: /home/wise/ws_yolov5/install/msgs_bbox/include/msgs_bbox/msgs_bbox/msg/detail/b_box__rosidl_typesupport_introspection_cpp.hpp
[0.988s] -- Up-to-date: /home/wise/ws_yolov5/install/msgs_bbox/include/msgs_bbox/msgs_bbox/msg/detail/b_boxes__type_support.cpp
[0.988s] -- Up-to-date: /home/wise/ws_yolov5/install/msgs_bbox/lib/libmsgs_bbox__rosidl_typesupport_introspection_cpp.so
[0.988s] -- Up-to-date: /home/wise/ws_yolov5/install/msgs_bbox/lib/libmsgs_bbox__rosidl_typesupport_cpp.so
[0.989s] -- Up-to-date: /home/wise/ws_yolov5/install/msgs_bbox/share/msgs_bbox/environment/pythonpath.sh
[0.989s] -- Up-to-date: /home/wise/ws_yolov5/install/msgs_bbox/share/msgs_bbox/environment/pythonpath.dsv
[0.989s] -- Up-to-date: /home/wise/ws_yolov5/install/msgs_bbox/local/lib/python3.10/dist-packages/msgs_bbox-0.0.0-py3.10.egg-info
[0.989s] -- Installing: /home/wise/ws_yolov5/install/msgs_bbox/local/lib/python3.10/dist-packages/msgs_bbox-0.0.0-py3.10.egg-info/PKG-INFO
[0.989s] -- Installing: /home/wise/ws_yolov5/install/msgs_bbox/local/lib/python3.10/dist-packages/msgs_bbox-0.0.0-py3.10.egg-info/dependency_links.txt
[0.990s] -- Installing: /home/wise/ws_yolov5/install/msgs_bbox/local/lib/python3.10/dist-packages/msgs_bbox-0.0.0-py3.10.egg-info/SOURCES.txt
[0.990s] -- Installing: /home/wise/ws_yolov5/install/msgs_bbox/local/lib/python3.10/dist-packages/msgs_bbox-0.0.0-py3.10.egg-info/top_level.txt
[0.990s] -- Up-to-date: /home/wise/ws_yolov5/install/msgs_bbox/local/lib/python3.10/dist-packages/msgs_bbox
[0.990s] -- Up-to-date: /home/wise/ws_yolov5/install/msgs_bbox/local/lib/python3.10/dist-packages/msgs_bbox/_msgs_bbox_s.ep.rosidl_typesupport_fastrtps_c.c
[0.990s] -- Up-to-date: /home/wise/ws_yolov5/install/msgs_bbox/local/lib/python3.10/dist-packages/msgs_bbox/msgs_bbox_s__rosidl_typesupport_c.cpython-310-aarch64-linux-gnu.so
[0.991s] -- Up-to-date: /home/wise/ws_yolov5/install/msgs_bbox/local/lib/python3.10/dist-packages/msgs_bbox/_msgs_bbox_s.ep.rosidl_typesupport_c.c
[0.991s] -- Up-to-date: /home/wise/ws_yolov5/install/msgs_bbox/local/lib/python3.10/dist-packages/msgs_bbox/msgs_bbox_s__rosidl_typesupport_fastrtps_c.cpython-310-aarch64-linux-gnu.so
[0.991s] -- Up-to-date: /home/wise/ws_yolov5/install/msgs_bbox/local/lib/python3.10/dist-packages/msgs_bbox/_msgs_bbox_s.ep.rosidl_typesupport_introspection_c.c
[0.991s] -- Up-to-date: /home/wise/ws_yolov5/install/msgs_bbox/local/lib/python3.10/dist-packages/msgs_bbox/__init__.py
[0.991s] -- Up-to-date: /home/wise/ws_yolov5/install/msgs_bbox/local/lib/python3.10/dist-packages/msgs_bbox/msg
[0.991s] -- Up-to-date: /home/wise/ws_yolov5/install/msgs_bbox/local/lib/python3.10/dist-packages/msgs_bbox/msg/_b_boxes_s.c
[0.991s] -- Up-to-date: /home/wise/ws_yolov5/install/msgs_bbox/local/lib/python3.10/dist-packages/msgs_bbox/msg/_b_boxes.py
[0.992s] -- Up-to-date: /home/wise/ws_yolov5/install/msgs_bbox/local/lib/python3.10/dist-packages/msgs_bbox/msg/__init__.py
[0.992s] -- Up-to-date: /home/wise/ws_yolov5/install/msgs_bbox/local/lib/python3.10/dist-packages/msgs_bbox/msg/_b_box.py
[0.992s] -- Up-to-date: /home/wise/ws_yolov5/install/msgs_bbox/local/lib/python3.10/dist-packages/msgs_bbox/msg/_b_box_s.c
[0.992s] -- Up-to-date: /home/wise/ws_yolov5/install/msgs_bbox/local/lib/python3.10/dist-packages/msgs_bbox/libmsgs_bbox__rosidl_generator_py.so
[0.992s] -- Up-to-date: /home/wise/ws_yolov5/install/msgs_bbox/local/lib/python3.10/dist-packages/msgs_bbox/msgs_bbox_s__rosidl_typesupport_introspection_c.cpython-310-aarch64-linux-gnu.so
[1.049s] Listing '/home/wise/ws_yolov5/install/msgs_bbox/local/lib/python3.10/dist-packages/msgs_bbox'...
[1.049s] Listing '/home/wise/ws_yolov5/install/msgs_bbox/local/lib/python3.10/dist-packages/msgs_bbox/msg'...
[1.060s] -- Up-to-date: /home/wise/ws_yolov5/install/msgs_bbox/local/lib/python3.10/dist-packages/msgs_bbox/msgs_bbox_s__rosidl_typesupport_fastrtps_c.cpython-310-aarch64-linux-gnu.so
[1.061s] -- Up-to-date: /home/wise/ws_yolov5/install/msgs_bbox/local/lib/python3.10/dist-packages/msgs_bbox/msgs_bbox_s__rosidl_typesupport_introspection_c.cpython-310-aarch64-linux-gnu.so
[1.062s] -- Up-to-date: /home/wise/ws_yolov5/install/msgs_bbox/local/lib/python3.10/dist-packages/msgs_bbox/msgs_bbox_s__rosidl_typesupport_c.cpython-310-aarch64-linux-gnu.so
[1.062s] -- Up-to-date: /home/wise/ws_yolov5/install/msgs_bbox/lib/libmsgs_bbox__rosidl_generator_py.so
[1.063s] -- Up-to-date: /home/wise/ws_yolov5/install/msgs_bbox/share/msgs_bbox/msg/BBox.idl
[1.064s] -- Up-to-date: /home/wise/ws_yolov5/install/msgs_bbox/share/msgs_bbox/msg/BBoxes.idl
[1.064s] -- Up-to-date: /home/wise/ws_yolov5/install/msgs_bbox/share/msgs_bbox/msg/BBox.msg
[1.064s] -- Up-to-date: /home/wise/ws_yolov5/install/msgs_bbox/share/msgs_bbox/msg/BBoxes.msg
[1.064s] -- Up-to-date: /home/wise/ws_yolov5/install/msgs_bbox/share/ament_index/resource_index/package_run_dependencies/msgs_bbox
[1.065s] -- Up-to-date: /home/wise/ws_yolov5/install/msgs_bbox/share/ament_index/resource_index/parent_prefix_path/msgs_bbox
[1.065s] -- Up-to-date: /home/wise/ws_yolov5/install/msgs_bbox/share/msgs_bbox/environment/ament_prefix_path.sh
[1.066s] -- Up-to-date: /home/wise/ws_yolov5/install/msgs_bbox/share/msgs_bbox/environment/ament_prefix_path.dsv
[1.066s] -- Up-to-date: /home/wise/ws_yolov5/install/msgs_bbox/share/msgs_bbox/environment/path.sh
[1.066s] -- Up-to-date: /home/wise/ws_yolov5/install/msgs_bbox/share/msgs_bbox/environment/path.dsv
[1.067s] -- Up-to-date: /home/wise/ws_yolov5/install/msgs_bbox/share/msgs_bbox/local_setup.bash
[1.067s] -- Up-to-date: /home/wise/ws_yolov5/install/msgs_bbox/share/msgs_bbox/local_setup.sh
[1.067s] -- Up-to-date: /home/wise/ws_yolov5/install/msgs_bbox/share/msgs_bbox/local_setup.zsh
[1.067s] -- Up-to-date: /home/wise/ws_yolov5/install/msgs_bbox/share/msgs_bbox/local_setup.dsv
[1.067s] -- Installing: /home/wise/ws_yolov5/install/msgs_bbox/share/msgs_bbox/package.dsv
[1.068s] -- Up-to-date: /home/wise/ws_yolov5/install/msgs_bbox/share/ament_index/resource_index/packages/msgs_bbox
[1.070s] -- Up-to-date: /home/wise/ws_yolov5/install/msgs_bbox/share/msgs_bbox/cmake/export_msgs_bbox__rosidl_generator_cExport.cmake
[1.070s] -- Up-to-date: /home/wise/ws_yolov5/install/msgs_bbox/share/msgs_bbox/cmake/export_msgs_bbox__rosidl_generator_cExport-noconfig.cmake
[1.071s] -- Up-to-date: /home/wise/ws_yolov5/install/msgs_bbox/share/msgs_bbox/cmake/export_msgs_bbox__rosidl_typesupport_fastrtps_cExport.cmake
[1.072s] -- Up-to-date: /home/wise/ws_yolov5/install/msgs_bbox/share/msgs_bbox/cmake/export_msgs_bbox__rosidl_typesupport_fastrtps_cExport-noconfig.cmake
[1.073s] -- Up-to-date: /home/wise/ws_yolov5/install/msgs_bbox/share/msgs_bbox/cmake/msgs_bbox__rosidl_typesupport_introspection_cExport.cmake
[1.073s] -- Up-to-date: /home/wise/ws_yolov5/install/msgs_bbox/share/msgs_bbox/cmake/msgs_bbox__rosidl_typesupport_introspection_cExport-noconfig.cmake
[1.074s] -- Up-to-date: /home/wise/ws_yolov5/install/msgs_bbox/share/msgs_bbox/cmake/msgs_bbox__rosidl_typesupport_cExport.cmake
[1.074s] -- Up-to-date: /home/wise/ws_yolov5/install/msgs_bbox/share/msgs_bbox/cmake/msgs_bbox__rosidl_typesupport_cExport-noconfig.cmake
[1.075s] -- Up-to-date: /home/wise/ws_yolov5/install/msgs_bbox/share/msgs_bbox/cmake/export_msgs_bbox__rosidl_generator_cppExport.cmake
[1.076s] -- Up-to-date: /home/wise/ws_yolov5/install/msgs_bbox/share/msgs_bbox/cmake/export_msgs_bbox__rosidl_typesupport_fastrtps_cppExport.cmake
[1.077s] -- Up-to-date: /home/wise/ws_yolov5/install/msgs_bbox/share/msgs_bbox/cmake/export_msgs_bbox__rosidl_typesupport_fastrtps_cppExport-noconfig.cmake
[1.078s] -- Up-to-date: /home/wise/ws_yolov5/install/msgs_bbox/share/msgs_bbox/cmake/msgs_bbox__rosidl_typesupport_introspection_cppExport.cmake
[1.078s] -- Up-to-date: /home/wise/ws_yolov5/install/msgs_bbox/share/msgs_bbox/cmake/msgs_bbox__rosidl_typesupport_introspection_cppExport-noconfig.cmake
[1.079s] -- Up-to-date: /home/wise/ws_yolov5/install/msgs_bbox/share/msgs_bbox/cmake/msgs_bbox__rosidl_typesupport_cppExport.cmake
[1.079s] -- Up-to-date: /home/wise/ws_yolov5/install/msgs_bbox/share/msgs_bbox/cmake/msgs_bbox__rosidl_typesupport_cppExport-noconfig.cmake
[1.080s] -- Up-to-date: /home/wise/ws_yolov5/install/msgs_bbox/share/msgs_bbox/cmake/export_msgs_bbox__rosidl_generator_pyExport.cmake
[1.080s] -- Up-to-date: /home/wise/ws_yolov5/install/msgs_bbox/share/msgs_bbox/cmake/export_msgs_bbox__rosidl_generator_pyExport-noconfig.cmake
[1.080s] -- Up-to-date: /home/wise/ws_yolov5/install/msgs_bbox/share/msgs_bbox/cmake/rosidl_cmake-extras.cmake
[1.081s] -- Up-to-date: /home/wise/ws_yolov5/install/msgs_bbox/share/msgs_bbox/cmake/ament_cmake_export_include_directories-extras.cmake
[1.081s] -- Up-to-date: /home/wise/ws_yolov5/install/msgs_bbox/share/msgs_bbox/cmake/ament_cmake_export_libraries-extras.cmake
[1.081s] -- Up-to-date: /home/wise/ws_yolov5/install/msgs_bbox/share/msgs_bbox/cmake/ament_cmake_export_targets-extras.cmake
[1.081s] -- Up-to-date: /home/wise/ws_yolov5/install/msgs_bbox/share/msgs_bbox/cmake/rosidl_cmake_export_typesupport_targets-extras.cmake
[1.081s] -- Up-to-date: /home/wise/ws_yolov5/install/msgs_bbox/share/msgs_bbox/cmake/ament_cmake_export_dependencies-extras.cmake
[1.081s] -- Up-to-date: /home/wise/ws_yolov5/install/msgs_bbox/share/msgs_bbox/cmake/rosidl_cmake_export_typesupport_libraries-extras.cmake
[1.081s] -- Up-to-date: /home/wise/ws_yolov5/install/msgs_bbox/share/msgs_bbox/cmake/msgs_bboxConfig.cmake
[1.081s] -- Up-to-date: /home/wise/ws_yolov5/install/msgs_bbox/share/msgs_bbox/cmake/msgs_bboxConfig-version.cmake
[1.082s] -- Up-to-date: /home/wise/ws_yolov5/install/msgs_bbox/share/msgs_bbox/package.xml
[1.087s] Invoked command in '/home/wise/ws_yolov5/build/msgs_bbox' returned '0': CMAKE_PREFIX_PATH=/opt/ros/humble /usr/bin/cmake --install /home/wise/ws_yolov5/build/msgs_bbox
