/home/wise/.local/lib/python3.10/site-packages/setuptools/_distutils/dist.py:261: UserWarning: Unknown distribution option: 'tests_require'
  warnings.warn(msg)
running egg_info
creating ../../build/image_publisher/image_publisher.egg-info
writing ../../build/image_publisher/image_publisher.egg-info/PKG-INFO
writing dependency_links to ../../build/image_publisher/image_publisher.egg-info/dependency_links.txt
writing entry points to ../../build/image_publisher/image_publisher.egg-info/entry_points.txt
writing requirements to ../../build/image_publisher/image_publisher.egg-info/requires.txt
writing top-level names to ../../build/image_publisher/image_publisher.egg-info/top_level.txt
writing manifest file '../../build/image_publisher/image_publisher.egg-info/SOURCES.txt'
reading manifest file '../../build/image_publisher/image_publisher.egg-info/SOURCES.txt'
writing manifest file '../../build/image_publisher/image_publisher.egg-info/SOURCES.txt'
running build
running build_py
creating /home/wise/ws_yolov5/build/image_publisher/build/lib/image_publisher
copying image_publisher/frame_publisher.py -> /home/wise/ws_yolov5/build/image_publisher/build/lib/image_publisher
copying image_publisher/__init__.py -> /home/wise/ws_yolov5/build/image_publisher/build/lib/image_publisher
running install
running install_lib
creating /home/wise/ws_yolov5/install/image_publisher/lib/python3.10/site-packages/image_publisher
copying /home/wise/ws_yolov5/build/image_publisher/build/lib/image_publisher/frame_publisher.py -> /home/wise/ws_yolov5/install/image_publisher/lib/python3.10/site-packages/image_publisher
copying /home/wise/ws_yolov5/build/image_publisher/build/lib/image_publisher/__init__.py -> /home/wise/ws_yolov5/install/image_publisher/lib/python3.10/site-packages/image_publisher
byte-compiling /home/wise/ws_yolov5/install/image_publisher/lib/python3.10/site-packages/image_publisher/frame_publisher.py to frame_publisher.cpython-310.pyc
byte-compiling /home/wise/ws_yolov5/install/image_publisher/lib/python3.10/site-packages/image_publisher/__init__.py to __init__.cpython-310.pyc
running install_data
creating /home/wise/ws_yolov5/install/image_publisher/share/ament_index/resource_index/packages
copying resource/image_publisher -> /home/wise/ws_yolov5/install/image_publisher/share/ament_index/resource_index/packages
copying package.xml -> /home/wise/ws_yolov5/install/image_publisher/share/image_publisher
running install_egg_info
Copying ../../build/image_publisher/image_publisher.egg-info to /home/wise/ws_yolov5/install/image_publisher/lib/python3.10/site-packages/image_publisher-0.0.0-py3.10.egg-info
running install_scripts
Installing frame_publisher script to /home/wise/ws_yolov5/install/image_publisher/lib/image_publisher
writing list of installed files to '/home/wise/ws_yolov5/build/image_publisher/install.log'
