/home/wise/.local/lib/python3.10/site-packages/setuptools/_distutils/dist.py:261: UserWarning: Unknown distribution option: 'tests_require'
  warnings.warn(msg)
running egg_info
creating ../../build/yolov5_humble/yolov5_humble.egg-info
writing ../../build/yolov5_humble/yolov5_humble.egg-info/PKG-INFO
writing dependency_links to ../../build/yolov5_humble/yolov5_humble.egg-info/dependency_links.txt
writing entry points to ../../build/yolov5_humble/yolov5_humble.egg-info/entry_points.txt
writing requirements to ../../build/yolov5_humble/yolov5_humble.egg-info/requires.txt
writing top-level names to ../../build/yolov5_humble/yolov5_humble.egg-info/top_level.txt
writing manifest file '../../build/yolov5_humble/yolov5_humble.egg-info/SOURCES.txt'
reading manifest file '../../build/yolov5_humble/yolov5_humble.egg-info/SOURCES.txt'
writing manifest file '../../build/yolov5_humble/yolov5_humble.egg-info/SOURCES.txt'
running build
running build_py
creating /home/wise/ws_yolov5/build/yolov5_humble/build/lib/yolov5_humble
copying yolov5_humble/__init__.py -> /home/wise/ws_yolov5/build/yolov5_humble/build/lib/yolov5_humble
copying yolov5_humble/yolov5_node (copy).py -> /home/wise/ws_yolov5/build/yolov5_humble/build/lib/yolov5_humble
copying yolov5_humble/yolov5_node.py -> /home/wise/ws_yolov5/build/yolov5_humble/build/lib/yolov5_humble
running install
running install_lib
creating /home/wise/ws_yolov5/install/yolov5_humble/lib/python3.10/site-packages/yolov5_humble
copying /home/wise/ws_yolov5/build/yolov5_humble/build/lib/yolov5_humble/__init__.py -> /home/wise/ws_yolov5/install/yolov5_humble/lib/python3.10/site-packages/yolov5_humble
copying /home/wise/ws_yolov5/build/yolov5_humble/build/lib/yolov5_humble/yolov5_node (copy).py -> /home/wise/ws_yolov5/install/yolov5_humble/lib/python3.10/site-packages/yolov5_humble
copying /home/wise/ws_yolov5/build/yolov5_humble/build/lib/yolov5_humble/yolov5_node.py -> /home/wise/ws_yolov5/install/yolov5_humble/lib/python3.10/site-packages/yolov5_humble
byte-compiling /home/wise/ws_yolov5/install/yolov5_humble/lib/python3.10/site-packages/yolov5_humble/__init__.py to __init__.cpython-310.pyc
byte-compiling /home/wise/ws_yolov5/install/yolov5_humble/lib/python3.10/site-packages/yolov5_humble/yolov5_node (copy).py to yolov5_node (copy).cpython-310.pyc
byte-compiling /home/wise/ws_yolov5/install/yolov5_humble/lib/python3.10/site-packages/yolov5_humble/yolov5_node.py to yolov5_node.cpython-310.pyc
running install_data
creating /home/wise/ws_yolov5/install/yolov5_humble/share/ament_index/resource_index/packages
copying resource/yolov5_humble -> /home/wise/ws_yolov5/install/yolov5_humble/share/ament_index/resource_index/packages
copying package.xml -> /home/wise/ws_yolov5/install/yolov5_humble/share/yolov5_humble
running install_egg_info
Copying ../../build/yolov5_humble/yolov5_humble.egg-info to /home/wise/ws_yolov5/install/yolov5_humble/lib/python3.10/site-packages/yolov5_humble-0.0.0-py3.10.egg-info
running install_scripts
Installing yolov5_node script to /home/wise/ws_yolov5/install/yolov5_humble/lib/yolov5_humble
writing list of installed files to '/home/wise/ws_yolov5/build/yolov5_humble/install.log'
