[1.571s] Invoking command in '/home/wise/ws_yolov5/src/yolov5_humble': LD_LIBRARY_PATH=/home/wise/ws_yolov5/install/msgs_bbox/lib:/home/wise/ws_yolov5/install/bbox_ex_msgs/lib:/usr/local/cuda-12.0/extras/CUPTI/lib64:/usr/lib/aarch64-linux-gnu:/opt/ros/humble/opt/rviz_ogre_vendor/lib:/opt/ros/humble/lib/aarch64-linux-gnu:/opt/ros/humble/lib:/usr/local/cuda-12.0/lib64 PYTHONPATH=/home/wise/ws_yolov5/build/yolov5_humble/prefix_override:/usr/lib/python3/dist-packages/colcon_core/task/python/colcon_distutils_commands:/home/wise/ws_yolov5/install/yolov5_humble/lib/python3.10/site-packages:${PYTHONPATH} /usr/bin/python3 -W ignore:setup.py install is deprecated -W ignore:easy_install command is deprecated setup.py egg_info --egg-base ../../build/yolov5_humble build --build-base /home/wise/ws_yolov5/build/yolov5_humble/build install --record /home/wise/ws_yolov5/build/yolov5_humble/install.log --single-version-externally-managed install_data
[1.866s] /home/wise/.local/lib/python3.10/site-packages/setuptools/_distutils/dist.py:261: UserWarning: Unknown distribution option: 'tests_require'
[1.866s]   warnings.warn(msg)
[2.081s] running egg_info
[2.116s] creating ../../build/yolov5_humble/yolov5_humble.egg-info
[2.116s] writing ../../build/yolov5_humble/yolov5_humble.egg-info/PKG-INFO
[2.117s] writing dependency_links to ../../build/yolov5_humble/yolov5_humble.egg-info/dependency_links.txt
[2.118s] writing entry points to ../../build/yolov5_humble/yolov5_humble.egg-info/entry_points.txt
[2.118s] writing requirements to ../../build/yolov5_humble/yolov5_humble.egg-info/requires.txt
[2.118s] writing top-level names to ../../build/yolov5_humble/yolov5_humble.egg-info/top_level.txt
[2.118s] writing manifest file '../../build/yolov5_humble/yolov5_humble.egg-info/SOURCES.txt'
[2.190s] reading manifest file '../../build/yolov5_humble/yolov5_humble.egg-info/SOURCES.txt'
[2.192s] writing manifest file '../../build/yolov5_humble/yolov5_humble.egg-info/SOURCES.txt'
[2.192s] running build
[2.192s] running build_py
[2.193s] creating /home/wise/ws_yolov5/build/yolov5_humble/build/lib/yolov5_humble
[2.193s] copying yolov5_humble/__init__.py -> /home/wise/ws_yolov5/build/yolov5_humble/build/lib/yolov5_humble
[2.194s] copying yolov5_humble/yolov5_node (copy).py -> /home/wise/ws_yolov5/build/yolov5_humble/build/lib/yolov5_humble
[2.194s] copying yolov5_humble/yolov5_node.py -> /home/wise/ws_yolov5/build/yolov5_humble/build/lib/yolov5_humble
[2.194s] running install
[2.203s] running install_lib
[2.238s] creating /home/wise/ws_yolov5/install/yolov5_humble/lib/python3.10/site-packages/yolov5_humble
[2.239s] copying /home/wise/ws_yolov5/build/yolov5_humble/build/lib/yolov5_humble/__init__.py -> /home/wise/ws_yolov5/install/yolov5_humble/lib/python3.10/site-packages/yolov5_humble
[2.239s] copying /home/wise/ws_yolov5/build/yolov5_humble/build/lib/yolov5_humble/yolov5_node (copy).py -> /home/wise/ws_yolov5/install/yolov5_humble/lib/python3.10/site-packages/yolov5_humble
[2.239s] copying /home/wise/ws_yolov5/build/yolov5_humble/build/lib/yolov5_humble/yolov5_node.py -> /home/wise/ws_yolov5/install/yolov5_humble/lib/python3.10/site-packages/yolov5_humble
[2.240s] byte-compiling /home/wise/ws_yolov5/install/yolov5_humble/lib/python3.10/site-packages/yolov5_humble/__init__.py to __init__.cpython-310.pyc
[2.241s] byte-compiling /home/wise/ws_yolov5/install/yolov5_humble/lib/python3.10/site-packages/yolov5_humble/yolov5_node (copy).py to yolov5_node (copy).cpython-310.pyc
[2.242s] byte-compiling /home/wise/ws_yolov5/install/yolov5_humble/lib/python3.10/site-packages/yolov5_humble/yolov5_node.py to yolov5_node.cpython-310.pyc
[2.243s] running install_data
[2.243s] creating /home/wise/ws_yolov5/install/yolov5_humble/share/ament_index/resource_index/packages
[2.244s] copying resource/yolov5_humble -> /home/wise/ws_yolov5/install/yolov5_humble/share/ament_index/resource_index/packages
[2.244s] copying package.xml -> /home/wise/ws_yolov5/install/yolov5_humble/share/yolov5_humble
[2.244s] running install_egg_info
[2.283s] Copying ../../build/yolov5_humble/yolov5_humble.egg-info to /home/wise/ws_yolov5/install/yolov5_humble/lib/python3.10/site-packages/yolov5_humble-0.0.0-py3.10.egg-info
[2.285s] running install_scripts
[2.565s] Installing yolov5_node script to /home/wise/ws_yolov5/install/yolov5_humble/lib/yolov5_humble
[2.566s] writing list of installed files to '/home/wise/ws_yolov5/build/yolov5_humble/install.log'
[2.635s] Invoked command in '/home/wise/ws_yolov5/src/yolov5_humble' returned '0': LD_LIBRARY_PATH=/home/wise/ws_yolov5/install/msgs_bbox/lib:/home/wise/ws_yolov5/install/bbox_ex_msgs/lib:/usr/local/cuda-12.0/extras/CUPTI/lib64:/usr/lib/aarch64-linux-gnu:/opt/ros/humble/opt/rviz_ogre_vendor/lib:/opt/ros/humble/lib/aarch64-linux-gnu:/opt/ros/humble/lib:/usr/local/cuda-12.0/lib64 PYTHONPATH=/home/wise/ws_yolov5/build/yolov5_humble/prefix_override:/usr/lib/python3/dist-packages/colcon_core/task/python/colcon_distutils_commands:/home/wise/ws_yolov5/install/yolov5_humble/lib/python3.10/site-packages:${PYTHONPATH} /usr/bin/python3 -W ignore:setup.py install is deprecated -W ignore:easy_install command is deprecated setup.py egg_info --egg-base ../../build/yolov5_humble build --build-base /home/wise/ws_yolov5/build/yolov5_humble/build install --record /home/wise/ws_yolov5/build/yolov5_humble/install.log --single-version-externally-managed install_data
