[0.028s] Invoking command in '/home/wise/ws_yolov5/build/msgs_bbox': CMAKE_PREFIX_PATH=/opt/ros/humble /usr/bin/cmake --build /home/wise/ws_yolov5/build/msgs_bbox -- -j8 -l8
[0.108s] [  2%] Built target msgs_bbox__cpp
[0.110s] [ 12%] Built target msgs_bbox__rosidl_generator_c
[0.126s] [ 12%] Built target ament_cmake_python_copy_msgs_bbox
[0.144s] [ 23%] Built target msgs_bbox__rosidl_typesupport_introspection_c
[0.145s] [ 33%] Built target msgs_bbox__rosidl_typesupport_cpp
[0.149s] [ 53%] Built target msgs_bbox__rosidl_typesupport_c
[0.149s] [ 53%] Built target msgs_bbox__rosidl_typesupport_fastrtps_cpp
[0.149s] [ 64%] Built target msgs_bbox__rosidl_typesupport_fastrtps_c
[0.156s] [ 74%] Built target msgs_bbox__rosidl_typesupport_introspection_cpp
[0.189s] [ 74%] Built target msgs_bbox
[0.221s] [ 76%] Built target msgs_bbox__py
[0.257s] [ 84%] Built target msgs_bbox__rosidl_generator_py
[0.294s] [ 97%] Built target msgs_bbox__rosidl_typesupport_introspection_c__pyext
[0.294s] [ 97%] Built target msgs_bbox__rosidl_typesupport_c__pyext
[0.294s] [100%] Built target msgs_bbox__rosidl_typesupport_fastrtps_c__pyext
[0.551s] running egg_info
[0.588s] writing msgs_bbox.egg-info/PKG-INFO
[0.589s] writing dependency_links to msgs_bbox.egg-info/dependency_links.txt
[0.590s] writing top-level names to msgs_bbox.egg-info/top_level.txt
[0.700s] reading manifest file 'msgs_bbox.egg-info/SOURCES.txt'
[0.702s] writing manifest file 'msgs_bbox.egg-info/SOURCES.txt'
[0.769s] [100%] Built target ament_cmake_python_build_msgs_bbox_egg
[0.790s] Invoked command in '/home/wise/ws_yolov5/build/msgs_bbox' returned '0': CMAKE_PREFIX_PATH=/opt/ros/humble /usr/bin/cmake --build /home/wise/ws_yolov5/build/msgs_bbox -- -j8 -l8
[0.808s] Invoking command in '/home/wise/ws_yolov5/build/msgs_bbox': CMAKE_PREFIX_PATH=/opt/ros/humble /usr/bin/cmake --install /home/wise/ws_yolov5/build/msgs_bbox
[0.823s] -- Install configuration: ""
[0.824s] -- Up-to-date: /home/wise/ws_yolov5/install/msgs_bbox/share/ament_index/resource_index/rosidl_interfaces/msgs_bbox
[0.824s] -- Up-to-date: /home/wise/ws_yolov5/install/msgs_bbox/include/msgs_bbox/msgs_bbox
[0.824s] -- Up-to-date: /home/wise/ws_yolov5/install/msgs_bbox/include/msgs_bbox/msgs_bbox/msg
[0.824s] -- Up-to-date: /home/wise/ws_yolov5/install/msgs_bbox/include/msgs_bbox/msgs_bbox/msg/b_boxes.h
[0.824s] -- Up-to-date: /home/wise/ws_yolov5/install/msgs_bbox/include/msgs_bbox/msgs_bbox/msg/b_box.h
[0.824s] -- Up-to-date: /home/wise/ws_yolov5/install/msgs_bbox/include/msgs_bbox/msgs_bbox/msg/detail
[0.825s] -- Up-to-date: /home/wise/ws_yolov5/install/msgs_bbox/include/msgs_bbox/msgs_bbox/msg/detail/b_box__struct.h
[0.825s] -- Up-to-date: /home/wise/ws_yolov5/install/msgs_bbox/include/msgs_bbox/msgs_bbox/msg/detail/b_boxes__functions.h
[0.825s] -- Up-to-date: /home/wise/ws_yolov5/install/msgs_bbox/include/msgs_bbox/msgs_bbox/msg/detail/b_boxes__type_support.h
[0.825s] -- Up-to-date: /home/wise/ws_yolov5/install/msgs_bbox/include/msgs_bbox/msgs_bbox/msg/detail/b_box__functions.c
[0.825s] -- Up-to-date: /home/wise/ws_yolov5/install/msgs_bbox/include/msgs_bbox/msgs_bbox/msg/detail/b_boxes__struct.h
[0.825s] -- Up-to-date: /home/wise/ws_yolov5/install/msgs_bbox/include/msgs_bbox/msgs_bbox/msg/detail/b_boxes__functions.c
[0.825s] -- Up-to-date: /home/wise/ws_yolov5/install/msgs_bbox/include/msgs_bbox/msgs_bbox/msg/detail/b_box__type_support.h
[0.826s] -- Up-to-date: /home/wise/ws_yolov5/install/msgs_bbox/include/msgs_bbox/msgs_bbox/msg/detail/b_box__functions.h
[0.826s] -- Up-to-date: /home/wise/ws_yolov5/install/msgs_bbox/include/msgs_bbox/msgs_bbox/msg/rosidl_generator_c__visibility_control.h
[0.826s] -- Up-to-date: /home/wise/ws_yolov5/install/msgs_bbox/share/msgs_bbox/environment/library_path.sh
[0.826s] -- Up-to-date: /home/wise/ws_yolov5/install/msgs_bbox/share/msgs_bbox/environment/library_path.dsv
[0.826s] -- Up-to-date: /home/wise/ws_yolov5/install/msgs_bbox/lib/libmsgs_bbox__rosidl_generator_c.so
[0.826s] -- Up-to-date: /home/wise/ws_yolov5/install/msgs_bbox/include/msgs_bbox/msgs_bbox
[0.826s] -- Up-to-date: /home/wise/ws_yolov5/install/msgs_bbox/include/msgs_bbox/msgs_bbox/msg
[0.826s] -- Up-to-date: /home/wise/ws_yolov5/install/msgs_bbox/include/msgs_bbox/msgs_bbox/msg/detail
[0.827s] -- Up-to-date: /home/wise/ws_yolov5/install/msgs_bbox/include/msgs_bbox/msgs_bbox/msg/detail/b_boxes__rosidl_typesupport_fastrtps_c.h
[0.827s] -- Up-to-date: /home/wise/ws_yolov5/install/msgs_bbox/include/msgs_bbox/msgs_bbox/msg/detail/b_box__rosidl_typesupport_fastrtps_c.h
[0.827s] -- Up-to-date: /home/wise/ws_yolov5/install/msgs_bbox/include/msgs_bbox/msgs_bbox/msg/rosidl_typesupport_fastrtps_c__visibility_control.h
[0.827s] -- Up-to-date: /home/wise/ws_yolov5/install/msgs_bbox/lib/libmsgs_bbox__rosidl_typesupport_fastrtps_c.so
[0.827s] -- Up-to-date: /home/wise/ws_yolov5/install/msgs_bbox/include/msgs_bbox/msgs_bbox
[0.827s] -- Up-to-date: /home/wise/ws_yolov5/install/msgs_bbox/include/msgs_bbox/msgs_bbox/msg
[0.827s] -- Up-to-date: /home/wise/ws_yolov5/install/msgs_bbox/include/msgs_bbox/msgs_bbox/msg/detail
[0.828s] -- Up-to-date: /home/wise/ws_yolov5/install/msgs_bbox/include/msgs_bbox/msgs_bbox/msg/detail/b_boxes__rosidl_typesupport_introspection_c.h
[0.828s] -- Up-to-date: /home/wise/ws_yolov5/install/msgs_bbox/include/msgs_bbox/msgs_bbox/msg/detail/b_box__type_support.c
[0.828s] -- Up-to-date: /home/wise/ws_yolov5/install/msgs_bbox/include/msgs_bbox/msgs_bbox/msg/detail/b_boxes__type_support.c
[0.828s] -- Up-to-date: /home/wise/ws_yolov5/install/msgs_bbox/include/msgs_bbox/msgs_bbox/msg/detail/b_box__rosidl_typesupport_introspection_c.h
[0.828s] -- Up-to-date: /home/wise/ws_yolov5/install/msgs_bbox/include/msgs_bbox/msgs_bbox/msg/rosidl_typesupport_introspection_c__visibility_control.h
[0.828s] -- Up-to-date: /home/wise/ws_yolov5/install/msgs_bbox/lib/libmsgs_bbox__rosidl_typesupport_introspection_c.so
[0.828s] -- Up-to-date: /home/wise/ws_yolov5/install/msgs_bbox/lib/libmsgs_bbox__rosidl_typesupport_c.so
[0.828s] -- Up-to-date: /home/wise/ws_yolov5/install/msgs_bbox/include/msgs_bbox/msgs_bbox
[0.829s] -- Up-to-date: /home/wise/ws_yolov5/install/msgs_bbox/include/msgs_bbox/msgs_bbox/msg
[0.829s] -- Up-to-date: /home/wise/ws_yolov5/install/msgs_bbox/include/msgs_bbox/msgs_bbox/msg/b_boxes.hpp
[0.829s] -- Up-to-date: /home/wise/ws_yolov5/install/msgs_bbox/include/msgs_bbox/msgs_bbox/msg/b_box.hpp
[0.829s] -- Up-to-date: /home/wise/ws_yolov5/install/msgs_bbox/include/msgs_bbox/msgs_bbox/msg/detail
[0.829s] -- Up-to-date: /home/wise/ws_yolov5/install/msgs_bbox/include/msgs_bbox/msgs_bbox/msg/detail/b_boxes__builder.hpp
[0.829s] -- Up-to-date: /home/wise/ws_yolov5/install/msgs_bbox/include/msgs_bbox/msgs_bbox/msg/detail/b_boxes__traits.hpp
[0.829s] -- Up-to-date: /home/wise/ws_yolov5/install/msgs_bbox/include/msgs_bbox/msgs_bbox/msg/detail/b_box__traits.hpp
[0.830s] -- Up-to-date: /home/wise/ws_yolov5/install/msgs_bbox/include/msgs_bbox/msgs_bbox/msg/detail/b_box__struct.hpp
[0.830s] -- Up-to-date: /home/wise/ws_yolov5/install/msgs_bbox/include/msgs_bbox/msgs_bbox/msg/detail/b_box__builder.hpp
[0.830s] -- Up-to-date: /home/wise/ws_yolov5/install/msgs_bbox/include/msgs_bbox/msgs_bbox/msg/detail/b_boxes__struct.hpp
[0.830s] -- Up-to-date: /home/wise/ws_yolov5/install/msgs_bbox/include/msgs_bbox/msgs_bbox
[0.830s] -- Up-to-date: /home/wise/ws_yolov5/install/msgs_bbox/include/msgs_bbox/msgs_bbox/msg
[0.830s] -- Up-to-date: /home/wise/ws_yolov5/install/msgs_bbox/include/msgs_bbox/msgs_bbox/msg/rosidl_typesupport_fastrtps_cpp__visibility_control.h
[0.830s] -- Up-to-date: /home/wise/ws_yolov5/install/msgs_bbox/include/msgs_bbox/msgs_bbox/msg/detail
[0.830s] -- Up-to-date: /home/wise/ws_yolov5/install/msgs_bbox/include/msgs_bbox/msgs_bbox/msg/detail/b_boxes__rosidl_typesupport_fastrtps_cpp.hpp
[0.830s] -- Up-to-date: /home/wise/ws_yolov5/install/msgs_bbox/include/msgs_bbox/msgs_bbox/msg/detail/b_box__rosidl_typesupport_fastrtps_cpp.hpp
[0.831s] -- Up-to-date: /home/wise/ws_yolov5/install/msgs_bbox/include/msgs_bbox/msgs_bbox/msg/detail/dds_fastrtps
[0.831s] -- Up-to-date: /home/wise/ws_yolov5/install/msgs_bbox/lib/libmsgs_bbox__rosidl_typesupport_fastrtps_cpp.so
[0.831s] -- Up-to-date: /home/wise/ws_yolov5/install/msgs_bbox/include/msgs_bbox/msgs_bbox
[0.831s] -- Up-to-date: /home/wise/ws_yolov5/install/msgs_bbox/include/msgs_bbox/msgs_bbox/msg
[0.831s] -- Up-to-date: /home/wise/ws_yolov5/install/msgs_bbox/include/msgs_bbox/msgs_bbox/msg/detail
[0.831s] -- Up-to-date: /home/wise/ws_yolov5/install/msgs_bbox/include/msgs_bbox/msgs_bbox/msg/detail/b_boxes__rosidl_typesupport_introspection_cpp.hpp
[0.832s] -- Up-to-date: /home/wise/ws_yolov5/install/msgs_bbox/include/msgs_bbox/msgs_bbox/msg/detail/b_box__type_support.cpp
[0.832s] -- Up-to-date: /home/wise/ws_yolov5/install/msgs_bbox/include/msgs_bbox/msgs_bbox/msg/detail/b_box__rosidl_typesupport_introspection_cpp.hpp
[0.832s] -- Up-to-date: /home/wise/ws_yolov5/install/msgs_bbox/include/msgs_bbox/msgs_bbox/msg/detail/b_boxes__type_support.cpp
[0.832s] -- Up-to-date: /home/wise/ws_yolov5/install/msgs_bbox/lib/libmsgs_bbox__rosidl_typesupport_introspection_cpp.so
[0.832s] -- Up-to-date: /home/wise/ws_yolov5/install/msgs_bbox/lib/libmsgs_bbox__rosidl_typesupport_cpp.so
[0.832s] -- Up-to-date: /home/wise/ws_yolov5/install/msgs_bbox/share/msgs_bbox/environment/pythonpath.sh
[0.832s] -- Up-to-date: /home/wise/ws_yolov5/install/msgs_bbox/share/msgs_bbox/environment/pythonpath.dsv
[0.832s] -- Up-to-date: /home/wise/ws_yolov5/install/msgs_bbox/local/lib/python3.10/dist-packages/msgs_bbox-0.0.0-py3.10.egg-info
[0.832s] -- Installing: /home/wise/ws_yolov5/install/msgs_bbox/local/lib/python3.10/dist-packages/msgs_bbox-0.0.0-py3.10.egg-info/PKG-INFO
[0.832s] -- Installing: /home/wise/ws_yolov5/install/msgs_bbox/local/lib/python3.10/dist-packages/msgs_bbox-0.0.0-py3.10.egg-info/dependency_links.txt
[0.833s] -- Installing: /home/wise/ws_yolov5/install/msgs_bbox/local/lib/python3.10/dist-packages/msgs_bbox-0.0.0-py3.10.egg-info/SOURCES.txt
[0.833s] -- Installing: /home/wise/ws_yolov5/install/msgs_bbox/local/lib/python3.10/dist-packages/msgs_bbox-0.0.0-py3.10.egg-info/top_level.txt
[0.833s] -- Up-to-date: /home/wise/ws_yolov5/install/msgs_bbox/local/lib/python3.10/dist-packages/msgs_bbox
[0.833s] -- Up-to-date: /home/wise/ws_yolov5/install/msgs_bbox/local/lib/python3.10/dist-packages/msgs_bbox/_msgs_bbox_s.ep.rosidl_typesupport_fastrtps_c.c
[0.833s] -- Up-to-date: /home/wise/ws_yolov5/install/msgs_bbox/local/lib/python3.10/dist-packages/msgs_bbox/msgs_bbox_s__rosidl_typesupport_c.cpython-310-aarch64-linux-gnu.so
[0.833s] -- Up-to-date: /home/wise/ws_yolov5/install/msgs_bbox/local/lib/python3.10/dist-packages/msgs_bbox/_msgs_bbox_s.ep.rosidl_typesupport_c.c
[0.833s] -- Up-to-date: /home/wise/ws_yolov5/install/msgs_bbox/local/lib/python3.10/dist-packages/msgs_bbox/msgs_bbox_s__rosidl_typesupport_fastrtps_c.cpython-310-aarch64-linux-gnu.so
[0.833s] -- Up-to-date: /home/wise/ws_yolov5/install/msgs_bbox/local/lib/python3.10/dist-packages/msgs_bbox/_msgs_bbox_s.ep.rosidl_typesupport_introspection_c.c
[0.833s] -- Up-to-date: /home/wise/ws_yolov5/install/msgs_bbox/local/lib/python3.10/dist-packages/msgs_bbox/__init__.py
[0.834s] -- Up-to-date: /home/wise/ws_yolov5/install/msgs_bbox/local/lib/python3.10/dist-packages/msgs_bbox/msg
[0.834s] -- Up-to-date: /home/wise/ws_yolov5/install/msgs_bbox/local/lib/python3.10/dist-packages/msgs_bbox/msg/_b_boxes_s.c
[0.834s] -- Up-to-date: /home/wise/ws_yolov5/install/msgs_bbox/local/lib/python3.10/dist-packages/msgs_bbox/msg/_b_boxes.py
[0.834s] -- Up-to-date: /home/wise/ws_yolov5/install/msgs_bbox/local/lib/python3.10/dist-packages/msgs_bbox/msg/__init__.py
[0.834s] -- Up-to-date: /home/wise/ws_yolov5/install/msgs_bbox/local/lib/python3.10/dist-packages/msgs_bbox/msg/_b_box.py
[0.834s] -- Up-to-date: /home/wise/ws_yolov5/install/msgs_bbox/local/lib/python3.10/dist-packages/msgs_bbox/msg/_b_box_s.c
[0.834s] -- Up-to-date: /home/wise/ws_yolov5/install/msgs_bbox/local/lib/python3.10/dist-packages/msgs_bbox/libmsgs_bbox__rosidl_generator_py.so
[0.834s] -- Up-to-date: /home/wise/ws_yolov5/install/msgs_bbox/local/lib/python3.10/dist-packages/msgs_bbox/msgs_bbox_s__rosidl_typesupport_introspection_c.cpython-310-aarch64-linux-gnu.so
[0.886s] Listing '/home/wise/ws_yolov5/install/msgs_bbox/local/lib/python3.10/dist-packages/msgs_bbox'...
[0.886s] Listing '/home/wise/ws_yolov5/install/msgs_bbox/local/lib/python3.10/dist-packages/msgs_bbox/msg'...
[0.901s] -- Up-to-date: /home/wise/ws_yolov5/install/msgs_bbox/local/lib/python3.10/dist-packages/msgs_bbox/msgs_bbox_s__rosidl_typesupport_fastrtps_c.cpython-310-aarch64-linux-gnu.so
[0.902s] -- Up-to-date: /home/wise/ws_yolov5/install/msgs_bbox/local/lib/python3.10/dist-packages/msgs_bbox/msgs_bbox_s__rosidl_typesupport_introspection_c.cpython-310-aarch64-linux-gnu.so
[0.902s] -- Up-to-date: /home/wise/ws_yolov5/install/msgs_bbox/local/lib/python3.10/dist-packages/msgs_bbox/msgs_bbox_s__rosidl_typesupport_c.cpython-310-aarch64-linux-gnu.so
[0.903s] -- Up-to-date: /home/wise/ws_yolov5/install/msgs_bbox/lib/libmsgs_bbox__rosidl_generator_py.so
[0.903s] -- Up-to-date: /home/wise/ws_yolov5/install/msgs_bbox/share/msgs_bbox/msg/BBox.idl
[0.903s] -- Up-to-date: /home/wise/ws_yolov5/install/msgs_bbox/share/msgs_bbox/msg/BBoxes.idl
[0.904s] -- Up-to-date: /home/wise/ws_yolov5/install/msgs_bbox/share/msgs_bbox/msg/BBox.msg
[0.904s] -- Up-to-date: /home/wise/ws_yolov5/install/msgs_bbox/share/msgs_bbox/msg/BBoxes.msg
[0.904s] -- Up-to-date: /home/wise/ws_yolov5/install/msgs_bbox/share/ament_index/resource_index/package_run_dependencies/msgs_bbox
[0.905s] -- Up-to-date: /home/wise/ws_yolov5/install/msgs_bbox/share/ament_index/resource_index/parent_prefix_path/msgs_bbox
[0.905s] -- Up-to-date: /home/wise/ws_yolov5/install/msgs_bbox/share/msgs_bbox/environment/ament_prefix_path.sh
[0.905s] -- Up-to-date: /home/wise/ws_yolov5/install/msgs_bbox/share/msgs_bbox/environment/ament_prefix_path.dsv
[0.906s] -- Up-to-date: /home/wise/ws_yolov5/install/msgs_bbox/share/msgs_bbox/environment/path.sh
[0.906s] -- Up-to-date: /home/wise/ws_yolov5/install/msgs_bbox/share/msgs_bbox/environment/path.dsv
[0.907s] -- Up-to-date: /home/wise/ws_yolov5/install/msgs_bbox/share/msgs_bbox/local_setup.bash
[0.907s] -- Up-to-date: /home/wise/ws_yolov5/install/msgs_bbox/share/msgs_bbox/local_setup.sh
[0.907s] -- Up-to-date: /home/wise/ws_yolov5/install/msgs_bbox/share/msgs_bbox/local_setup.zsh
[0.907s] -- Up-to-date: /home/wise/ws_yolov5/install/msgs_bbox/share/msgs_bbox/local_setup.dsv
[0.907s] -- Installing: /home/wise/ws_yolov5/install/msgs_bbox/share/msgs_bbox/package.dsv
[0.908s] -- Up-to-date: /home/wise/ws_yolov5/install/msgs_bbox/share/ament_index/resource_index/packages/msgs_bbox
[0.908s] -- Up-to-date: /home/wise/ws_yolov5/install/msgs_bbox/share/msgs_bbox/cmake/export_msgs_bbox__rosidl_generator_cExport.cmake
[0.908s] -- Up-to-date: /home/wise/ws_yolov5/install/msgs_bbox/share/msgs_bbox/cmake/export_msgs_bbox__rosidl_generator_cExport-noconfig.cmake
[0.908s] -- Up-to-date: /home/wise/ws_yolov5/install/msgs_bbox/share/msgs_bbox/cmake/export_msgs_bbox__rosidl_typesupport_fastrtps_cExport.cmake
[0.909s] -- Up-to-date: /home/wise/ws_yolov5/install/msgs_bbox/share/msgs_bbox/cmake/export_msgs_bbox__rosidl_typesupport_fastrtps_cExport-noconfig.cmake
[0.909s] -- Up-to-date: /home/wise/ws_yolov5/install/msgs_bbox/share/msgs_bbox/cmake/msgs_bbox__rosidl_typesupport_introspection_cExport.cmake
[0.909s] -- Up-to-date: /home/wise/ws_yolov5/install/msgs_bbox/share/msgs_bbox/cmake/msgs_bbox__rosidl_typesupport_introspection_cExport-noconfig.cmake
[0.909s] -- Up-to-date: /home/wise/ws_yolov5/install/msgs_bbox/share/msgs_bbox/cmake/msgs_bbox__rosidl_typesupport_cExport.cmake
[0.909s] -- Up-to-date: /home/wise/ws_yolov5/install/msgs_bbox/share/msgs_bbox/cmake/msgs_bbox__rosidl_typesupport_cExport-noconfig.cmake
[0.910s] -- Up-to-date: /home/wise/ws_yolov5/install/msgs_bbox/share/msgs_bbox/cmake/export_msgs_bbox__rosidl_generator_cppExport.cmake
[0.910s] -- Up-to-date: /home/wise/ws_yolov5/install/msgs_bbox/share/msgs_bbox/cmake/export_msgs_bbox__rosidl_typesupport_fastrtps_cppExport.cmake
[0.911s] -- Up-to-date: /home/wise/ws_yolov5/install/msgs_bbox/share/msgs_bbox/cmake/export_msgs_bbox__rosidl_typesupport_fastrtps_cppExport-noconfig.cmake
[0.913s] -- Up-to-date: /home/wise/ws_yolov5/install/msgs_bbox/share/msgs_bbox/cmake/msgs_bbox__rosidl_typesupport_introspection_cppExport.cmake
[0.913s] -- Up-to-date: /home/wise/ws_yolov5/install/msgs_bbox/share/msgs_bbox/cmake/msgs_bbox__rosidl_typesupport_introspection_cppExport-noconfig.cmake
[0.914s] -- Up-to-date: /home/wise/ws_yolov5/install/msgs_bbox/share/msgs_bbox/cmake/msgs_bbox__rosidl_typesupport_cppExport.cmake
[0.914s] -- Up-to-date: /home/wise/ws_yolov5/install/msgs_bbox/share/msgs_bbox/cmake/msgs_bbox__rosidl_typesupport_cppExport-noconfig.cmake
[0.915s] -- Up-to-date: /home/wise/ws_yolov5/install/msgs_bbox/share/msgs_bbox/cmake/export_msgs_bbox__rosidl_generator_pyExport.cmake
[0.915s] -- Up-to-date: /home/wise/ws_yolov5/install/msgs_bbox/share/msgs_bbox/cmake/export_msgs_bbox__rosidl_generator_pyExport-noconfig.cmake
[0.916s] -- Up-to-date: /home/wise/ws_yolov5/install/msgs_bbox/share/msgs_bbox/cmake/rosidl_cmake-extras.cmake
[0.916s] -- Up-to-date: /home/wise/ws_yolov5/install/msgs_bbox/share/msgs_bbox/cmake/ament_cmake_export_include_directories-extras.cmake
[0.917s] -- Up-to-date: /home/wise/ws_yolov5/install/msgs_bbox/share/msgs_bbox/cmake/ament_cmake_export_libraries-extras.cmake
[0.918s] -- Up-to-date: /home/wise/ws_yolov5/install/msgs_bbox/share/msgs_bbox/cmake/ament_cmake_export_targets-extras.cmake
[0.918s] -- Up-to-date: /home/wise/ws_yolov5/install/msgs_bbox/share/msgs_bbox/cmake/rosidl_cmake_export_typesupport_targets-extras.cmake
[0.919s] -- Up-to-date: /home/wise/ws_yolov5/install/msgs_bbox/share/msgs_bbox/cmake/ament_cmake_export_dependencies-extras.cmake
[0.919s] -- Up-to-date: /home/wise/ws_yolov5/install/msgs_bbox/share/msgs_bbox/cmake/rosidl_cmake_export_typesupport_libraries-extras.cmake
[0.919s] -- Up-to-date: /home/wise/ws_yolov5/install/msgs_bbox/share/msgs_bbox/cmake/msgs_bboxConfig.cmake
[0.920s] -- Up-to-date: /home/wise/ws_yolov5/install/msgs_bbox/share/msgs_bbox/cmake/msgs_bboxConfig-version.cmake
[0.920s] -- Up-to-date: /home/wise/ws_yolov5/install/msgs_bbox/share/msgs_bbox/package.xml
[0.921s] Invoked command in '/home/wise/ws_yolov5/build/msgs_bbox' returned '0': CMAKE_PREFIX_PATH=/opt/ros/humble /usr/bin/cmake --install /home/wise/ws_yolov5/build/msgs_bbox
